2024-06-21 06:54:58,913 [ModalContext] INFO  o.e.m.c.i.e.AbstractTransferListenerAdapter - Downloading https://repo.maven.apache.org/maven2/org/apache/maven/archetypes/maven-archetype-quickstart/1.1/maven-archetype-quickstart-1.1.jar
2024-06-21 06:54:59,058 [ModalContext] INFO  o.e.m.c.i.e.AbstractTransferListenerAdapter - Downloaded https://repo.maven.apache.org/maven2/org/apache/maven/archetypes/maven-archetype-quickstart/1.1/maven-archetype-quickstart-1.1.jar
2024-06-21 06:54:59,086 [ModalContext] INFO  o.e.m.c.i.e.AbstractTransferListenerAdapter - Downloading https://repo.maven.apache.org/maven2/org/apache/maven/archetypes/maven-archetype-quickstart/1.1/maven-archetype-quickstart-1.1.pom
2024-06-21 06:54:59,141 [ModalContext] INFO  o.e.m.c.i.e.AbstractTransferListenerAdapter - Downloaded https://repo.maven.apache.org/maven2/org/apache/maven/archetypes/maven-archetype-quickstart/1.1/maven-archetype-quickstart-1.1.pom
2024-06-21 07:01:09,569 [Worker-7] INFO  o.e.m.c.i.p.ProjectConfigurationManager - Collecting project info '/pom.xml' C:\Users\N\OneDrive\Escritorio\LP II\CL2Incacutipa\LPII_CL2_IncacutipaNinfa\pom.xml
2024-06-21 07:01:12,737 [Worker-7] INFO  o.e.m.c.i.l.LifecycleMappingFactory - Using org.maven.ide.eclipse.wtp.WarLifecycleMapping lifecycle mapping for MavenProject: jpa.cibertec:LPII_CL2_IncacutipaNinfa:0.0.1-SNAPSHOT @ C:\Users\N\OneDrive\Escritorio\LP II\CL2Incacutipa\LPII_CL2_IncacutipaNinfa\pom.xml.
2024-06-21 07:01:13,673 [Worker-7] INFO  o.e.m.j.i.AbstractJavaProjectConfigurator - Adding source folder /LPII_CL2_IncacutipaNinfa/src/main/java
2024-06-21 07:01:13,674 [Worker-7] INFO  o.e.m.j.i.AbstractJavaProjectConfigurator - Adding resource folder /LPII_CL2_IncacutipaNinfa/src/main/resources
2024-06-21 07:01:13,674 [Worker-7] INFO  o.e.m.j.i.AbstractJavaProjectConfigurator - Adding source folder /LPII_CL2_IncacutipaNinfa/src/test/java
2024-06-21 07:01:15,621 [Worker-7] INFO  o.e.m.c.i.p.ProjectConfigurationManager - Imported and configured 1 project(s) in 6 sec
2024-06-21 07:01:16,658 [Worker-23] WARN  o.e.m.c.i.embedder.EclipseLogger - Using platform encoding (Cp1252 actually) to copy filtered resources, i.e. build is platform dependent!
2024-06-21 07:01:16,664 [Worker-23] INFO  o.e.m.c.i.embedder.EclipseLogger - Copying 0 resource
2024-06-21 07:01:16,666 [Worker-23] WARN  o.e.m.c.i.embedder.EclipseLogger - Using platform encoding (Cp1252 actually) to copy filtered resources, i.e. build is platform dependent!
2024-06-21 07:01:16,667 [Worker-23] INFO  o.e.m.c.i.embedder.EclipseLogger - skip non existing resourceDirectory C:\Users\N\OneDrive\Escritorio\LP II\CL2Incacutipa\LPII_CL2_IncacutipaNinfa\src\test\resources
2024-06-21 07:02:38,626 [Worker-26] WARN  o.e.m.c.i.embedder.EclipseLogger - Using platform encoding (Cp1252 actually) to copy filtered resources, i.e. build is platform dependent!
2024-06-21 07:02:38,629 [Worker-26] INFO  o.e.m.c.i.embedder.EclipseLogger - Copying 0 resource
2024-06-21 07:02:38,630 [Worker-26] WARN  o.e.m.c.i.embedder.EclipseLogger - Using platform encoding (Cp1252 actually) to copy filtered resources, i.e. build is platform dependent!
2024-06-21 07:02:38,631 [Worker-26] INFO  o.e.m.c.i.embedder.EclipseLogger - skip non existing resourceDirectory C:\Users\N\OneDrive\Escritorio\LP II\CL2Incacutipa\LPII_CL2_IncacutipaNinfa\src\test\resources
2024-06-21 07:20:48,080 [Worker-48] INFO  o.e.m.c.i.l.LifecycleMappingFactory - Using org.maven.ide.eclipse.wtp.WarLifecycleMapping lifecycle mapping for MavenProject: jpa.cibertec:LPII_CL2_IncacutipaNinfa:0.0.1-SNAPSHOT @ C:\Users\N\OneDrive\Escritorio\LP II\CL2Incacutipa\LPII_CL2_IncacutipaNinfa\pom.xml.
2024-06-21 07:20:48,689 [Worker-48] WARN  o.e.m.c.i.embedder.EclipseLogger - Using platform encoding (Cp1252 actually) to copy filtered resources, i.e. build is platform dependent!
2024-06-21 07:20:48,691 [Worker-48] INFO  o.e.m.c.i.embedder.EclipseLogger - Copying 0 resource
2024-06-21 07:20:48,693 [Worker-48] WARN  o.e.m.c.i.embedder.EclipseLogger - Using platform encoding (Cp1252 actually) to copy filtered resources, i.e. build is platform dependent!
2024-06-21 07:20:48,694 [Worker-48] INFO  o.e.m.c.i.embedder.EclipseLogger - skip non existing resourceDirectory C:\Users\N\OneDrive\Escritorio\LP II\CL2Incacutipa\LPII_CL2_IncacutipaNinfa\src\test\resources
2024-06-21 07:20:48,695 [Worker-48] INFO  o.e.m.w.i.f.ResourceFilteringBuildParticipant - Changed resources require a complete clean of filtered resources of LPII_CL2_IncacutipaNinfa
2024-06-21 07:20:48,696 [Worker-48] INFO  o.e.m.w.i.f.ResourceFilteringBuildParticipant - Executing resource filtering for LPII_CL2_IncacutipaNinfa
2024-06-21 07:20:48,700 [Worker-48] WARN  o.e.m.c.i.embedder.EclipseLogger - Using platform encoding (Cp1252 actually) to copy filtered resources, i.e. build is platform dependent!
2024-06-21 07:20:49,776 [Worker-48] WARN  o.e.m.c.i.embedder.EclipseLogger - Using platform encoding (Cp1252 actually) to copy filtered resources, i.e. build is platform dependent!
2024-06-21 07:20:49,778 [Worker-48] INFO  o.e.m.c.i.embedder.EclipseLogger - Copying 0 resource
2024-06-21 07:20:49,779 [Worker-48] WARN  o.e.m.c.i.embedder.EclipseLogger - Using platform encoding (Cp1252 actually) to copy filtered resources, i.e. build is platform dependent!
2024-06-21 07:20:49,780 [Worker-48] INFO  o.e.m.c.i.embedder.EclipseLogger - skip non existing resourceDirectory C:\Users\N\OneDrive\Escritorio\LP II\CL2Incacutipa\LPII_CL2_IncacutipaNinfa\src\test\resources
2024-06-21 07:22:15,092 [Worker-49] INFO  o.e.m.c.i.l.LifecycleMappingFactory - Using org.maven.ide.eclipse.wtp.WarLifecycleMapping lifecycle mapping for MavenProject: jpa.cibertec:LPII_CL2_IncacutipaNinfa:0.0.1-SNAPSHOT @ C:\Users\N\OneDrive\Escritorio\LP II\CL2Incacutipa\LPII_CL2_IncacutipaNinfa\pom.xml.
2024-06-21 07:22:15,591 [Worker-49] INFO  o.e.m.c.i.embedder.EclipseLogger - Using 'UTF-8' encoding to copy filtered resources.
2024-06-21 07:22:15,593 [Worker-49] INFO  o.e.m.c.i.embedder.EclipseLogger - Copying 0 resource
2024-06-21 07:22:15,595 [Worker-49] INFO  o.e.m.c.i.embedder.EclipseLogger - Using 'UTF-8' encoding to copy filtered resources.
2024-06-21 07:22:15,596 [Worker-49] INFO  o.e.m.c.i.embedder.EclipseLogger - skip non existing resourceDirectory C:\Users\N\OneDrive\Escritorio\LP II\CL2Incacutipa\LPII_CL2_IncacutipaNinfa\src\test\resources
2024-06-21 07:22:15,596 [Worker-49] INFO  o.e.m.w.i.f.ResourceFilteringBuildParticipant - Changed resources require a complete clean of filtered resources of LPII_CL2_IncacutipaNinfa
2024-06-21 07:22:15,596 [Worker-49] INFO  o.e.m.w.i.f.ResourceFilteringBuildParticipant - Executing resource filtering for LPII_CL2_IncacutipaNinfa
2024-06-21 07:22:15,599 [Worker-49] INFO  o.e.m.c.i.embedder.EclipseLogger - Using 'UTF-8' encoding to copy filtered resources.
2024-06-21 07:23:27,422 [Worker-48] INFO  o.e.m.c.i.p.ProjectConfigurationManager - Update started
2024-06-21 07:23:27,796 [Worker-48] INFO  o.e.m.c.i.l.LifecycleMappingFactory - Using org.maven.ide.eclipse.wtp.WarLifecycleMapping lifecycle mapping for MavenProject: jpa.cibertec:LPII_CL2_IncacutipaNinfa:0.0.1-SNAPSHOT @ C:\Users\N\OneDrive\Escritorio\LP II\CL2Incacutipa\LPII_CL2_IncacutipaNinfa\pom.xml.
2024-06-21 07:23:28,233 [Worker-48] INFO  o.e.m.j.i.AbstractJavaProjectConfigurator - Adding source folder /LPII_CL2_IncacutipaNinfa/src/main/java
2024-06-21 07:23:28,234 [Worker-48] INFO  o.e.m.j.i.AbstractJavaProjectConfigurator - Adding resource folder /LPII_CL2_IncacutipaNinfa/src/main/resources
2024-06-21 07:23:28,264 [Worker-48] INFO  o.e.m.j.i.AbstractJavaProjectConfigurator - Adding source folder /LPII_CL2_IncacutipaNinfa/src/test/java
2024-06-21 07:23:28,891 [Worker-48] INFO  o.e.m.w.i.f.ResourceFilteringBuildParticipant - Cleaning filtered folder for LPII_CL2_IncacutipaNinfa
2024-06-21 07:23:28,897 [Worker-48] INFO  o.e.m.c.i.p.ProjectConfigurationManager - Update completed: 1 sec
2024-06-21 07:23:29,496 [Worker-46] INFO  o.e.m.c.i.embedder.EclipseLogger - Using 'UTF-8' encoding to copy filtered resources.
2024-06-21 07:23:29,497 [Worker-46] INFO  o.e.m.c.i.embedder.EclipseLogger - Copying 0 resource
2024-06-21 07:23:29,499 [Worker-46] INFO  o.e.m.c.i.embedder.EclipseLogger - Using 'UTF-8' encoding to copy filtered resources.
2024-06-21 07:23:29,499 [Worker-46] INFO  o.e.m.c.i.embedder.EclipseLogger - skip non existing resourceDirectory C:\Users\N\OneDrive\Escritorio\LP II\CL2Incacutipa\LPII_CL2_IncacutipaNinfa\src\test\resources
2024-06-21 07:23:29,499 [Worker-46] INFO  o.e.m.w.i.f.ResourceFilteringBuildParticipant - Changed resources require a complete clean of filtered resources of LPII_CL2_IncacutipaNinfa
2024-06-21 07:23:29,500 [Worker-46] INFO  o.e.m.w.i.f.ResourceFilteringBuildParticipant - Executing resource filtering for LPII_CL2_IncacutipaNinfa
2024-06-21 07:23:29,503 [Worker-46] INFO  o.e.m.c.i.embedder.EclipseLogger - Using 'UTF-8' encoding to copy filtered resources.
2024-06-21 07:25:44,660 [Worker-50] INFO  o.e.m.c.i.l.LifecycleMappingFactory - Using org.maven.ide.eclipse.wtp.WarLifecycleMapping lifecycle mapping for MavenProject: jpa.cibertec:LPII_CL2_IncacutipaNinfa:0.0.1-SNAPSHOT @ C:\Users\N\OneDrive\Escritorio\LP II\CL2Incacutipa\LPII_CL2_IncacutipaNinfa\pom.xml.
2024-06-21 07:25:45,145 [Worker-50] INFO  o.e.m.c.i.embedder.EclipseLogger - Using 'UTF-8' encoding to copy filtered resources.
2024-06-21 07:25:45,146 [Worker-50] INFO  o.e.m.c.i.embedder.EclipseLogger - Copying 0 resource
2024-06-21 07:25:45,147 [Worker-50] INFO  o.e.m.c.i.embedder.EclipseLogger - Using 'UTF-8' encoding to copy filtered resources.
2024-06-21 07:25:45,147 [Worker-50] INFO  o.e.m.c.i.embedder.EclipseLogger - skip non existing resourceDirectory C:\Users\N\OneDrive\Escritorio\LP II\CL2Incacutipa\LPII_CL2_IncacutipaNinfa\src\test\resources
2024-06-21 07:25:45,147 [Worker-50] INFO  o.e.m.w.i.f.ResourceFilteringBuildParticipant - Changed resources require a complete clean of filtered resources of LPII_CL2_IncacutipaNinfa
2024-06-21 07:25:45,148 [Worker-50] INFO  o.e.m.w.i.f.ResourceFilteringBuildParticipant - Executing resource filtering for LPII_CL2_IncacutipaNinfa
2024-06-21 07:25:45,149 [Worker-50] INFO  o.e.m.c.i.embedder.EclipseLogger - Using 'UTF-8' encoding to copy filtered resources.
2024-06-21 07:25:46,245 [Worker-52] INFO  o.e.m.c.i.embedder.EclipseLogger - Using 'UTF-8' encoding to copy filtered resources.
2024-06-21 07:25:46,246 [Worker-52] INFO  o.e.m.c.i.embedder.EclipseLogger - Copying 0 resource
2024-06-21 07:25:46,246 [Worker-52] INFO  o.e.m.c.i.embedder.EclipseLogger - Using 'UTF-8' encoding to copy filtered resources.
2024-06-21 07:25:46,246 [Worker-52] INFO  o.e.m.c.i.embedder.EclipseLogger - skip non existing resourceDirectory C:\Users\N\OneDrive\Escritorio\LP II\CL2Incacutipa\LPII_CL2_IncacutipaNinfa\src\test\resources
2024-06-21 07:28:45,238 [Worker-52] INFO  o.e.m.c.i.embedder.EclipseLogger - Using 'UTF-8' encoding to copy filtered resources.
2024-06-21 07:28:45,239 [Worker-52] INFO  o.e.m.c.i.embedder.EclipseLogger - Copying 0 resource
2024-06-21 07:28:45,240 [Worker-52] INFO  o.e.m.c.i.embedder.EclipseLogger - Using 'UTF-8' encoding to copy filtered resources.
2024-06-21 07:28:45,240 [Worker-52] INFO  o.e.m.c.i.embedder.EclipseLogger - skip non existing resourceDirectory C:\Users\N\OneDrive\Escritorio\LP II\CL2Incacutipa\LPII_CL2_IncacutipaNinfa\src\test\resources
2024-06-21 07:29:43,657 [Worker-56] INFO  o.e.m.c.i.embedder.EclipseLogger - Using 'UTF-8' encoding to copy filtered resources.
2024-06-21 07:29:43,657 [Worker-56] INFO  o.e.m.c.i.embedder.EclipseLogger - Copying 0 resource
2024-06-21 07:29:43,658 [Worker-56] INFO  o.e.m.c.i.embedder.EclipseLogger - Using 'UTF-8' encoding to copy filtered resources.
2024-06-21 07:29:43,658 [Worker-56] INFO  o.e.m.c.i.embedder.EclipseLogger - skip non existing resourceDirectory C:\Users\N\OneDrive\Escritorio\LP II\CL2Incacutipa\LPII_CL2_IncacutipaNinfa\src\test\resources
2024-06-21 07:30:05,513 [Worker-56] INFO  o.e.m.c.i.embedder.EclipseLogger - Using 'UTF-8' encoding to copy filtered resources.
2024-06-21 07:30:05,514 [Worker-56] INFO  o.e.m.c.i.embedder.EclipseLogger - Copying 0 resource
2024-06-21 07:30:05,515 [Worker-56] INFO  o.e.m.c.i.embedder.EclipseLogger - Using 'UTF-8' encoding to copy filtered resources.
2024-06-21 07:30:05,515 [Worker-56] INFO  o.e.m.c.i.embedder.EclipseLogger - skip non existing resourceDirectory C:\Users\N\OneDrive\Escritorio\LP II\CL2Incacutipa\LPII_CL2_IncacutipaNinfa\src\test\resources
2024-06-21 07:46:57,723 [Worker-52] INFO  o.e.m.c.i.l.LifecycleMappingFactory - Using org.maven.ide.eclipse.wtp.WarLifecycleMapping lifecycle mapping for MavenProject: jpa.cibertec:LPII_CL2_IncacutipaNinfa:0.0.1-SNAPSHOT @ C:\Users\N\OneDrive\Escritorio\LP II\CL2Incacutipa\LPII_CL2_IncacutipaNinfa\pom.xml.
2024-06-21 07:47:01,078 [Worker-52] INFO  o.e.m.c.i.embedder.EclipseLogger - Using 'UTF-8' encoding to copy filtered resources.
2024-06-21 07:47:01,079 [Worker-52] INFO  o.e.m.c.i.embedder.EclipseLogger - Copying 0 resource
2024-06-21 07:47:01,080 [Worker-52] INFO  o.e.m.c.i.embedder.EclipseLogger - Using 'UTF-8' encoding to copy filtered resources.
2024-06-21 07:47:01,081 [Worker-52] INFO  o.e.m.c.i.embedder.EclipseLogger - skip non existing resourceDirectory C:\Users\N\OneDrive\Escritorio\LP II\CL2Incacutipa\LPII_CL2_IncacutipaNinfa\src\test\resources
2024-06-21 07:47:01,081 [Worker-52] INFO  o.e.m.w.i.f.ResourceFilteringBuildParticipant - Changed resources require a complete clean of filtered resources of LPII_CL2_IncacutipaNinfa
2024-06-21 07:47:01,081 [Worker-52] INFO  o.e.m.w.i.f.ResourceFilteringBuildParticipant - Executing resource filtering for LPII_CL2_IncacutipaNinfa
2024-06-21 07:47:01,083 [Worker-52] INFO  o.e.m.c.i.embedder.EclipseLogger - Using 'UTF-8' encoding to copy filtered resources.
2024-06-21 07:47:02,728 [Worker-63] INFO  o.e.m.c.i.embedder.EclipseLogger - Using 'UTF-8' encoding to copy filtered resources.
2024-06-21 07:47:02,729 [Worker-63] INFO  o.e.m.c.i.embedder.EclipseLogger - Copying 0 resource
2024-06-21 07:47:02,730 [Worker-63] INFO  o.e.m.c.i.embedder.EclipseLogger - Using 'UTF-8' encoding to copy filtered resources.
2024-06-21 07:47:02,730 [Worker-63] INFO  o.e.m.c.i.embedder.EclipseLogger - skip non existing resourceDirectory C:\Users\N\OneDrive\Escritorio\LP II\CL2Incacutipa\LPII_CL2_IncacutipaNinfa\src\test\resources
2024-06-21 07:48:24,350 [Worker-52] INFO  o.e.m.c.i.l.LifecycleMappingFactory - Using org.maven.ide.eclipse.wtp.WarLifecycleMapping lifecycle mapping for MavenProject: jpa.cibertec:LPII_CL2_IncacutipaNinfa:0.0.1-SNAPSHOT @ C:\Users\N\OneDrive\Escritorio\LP II\CL2Incacutipa\LPII_CL2_IncacutipaNinfa\pom.xml.
2024-06-21 07:48:27,082 [Worker-52] INFO  o.e.m.c.i.embedder.EclipseLogger - Using 'UTF-8' encoding to copy filtered resources.
2024-06-21 07:48:27,085 [Worker-52] INFO  o.e.m.c.i.embedder.EclipseLogger - Copying 0 resource
2024-06-21 07:48:27,086 [Worker-52] INFO  o.e.m.c.i.embedder.EclipseLogger - Using 'UTF-8' encoding to copy filtered resources.
2024-06-21 07:48:27,087 [Worker-52] INFO  o.e.m.c.i.embedder.EclipseLogger - skip non existing resourceDirectory C:\Users\N\OneDrive\Escritorio\LP II\CL2Incacutipa\LPII_CL2_IncacutipaNinfa\src\test\resources
2024-06-21 07:48:27,185 [Worker-52] INFO  o.e.m.w.i.f.ResourceFilteringBuildParticipant - Changed resources require a complete clean of filtered resources of LPII_CL2_IncacutipaNinfa
2024-06-21 07:48:27,185 [Worker-52] INFO  o.e.m.w.i.f.ResourceFilteringBuildParticipant - Executing resource filtering for LPII_CL2_IncacutipaNinfa
2024-06-21 07:48:27,188 [Worker-52] INFO  o.e.m.c.i.embedder.EclipseLogger - Using 'UTF-8' encoding to copy filtered resources.
2024-06-21 07:48:28,735 [Worker-64] INFO  o.e.m.c.i.embedder.EclipseLogger - Using 'UTF-8' encoding to copy filtered resources.
2024-06-21 07:48:28,736 [Worker-64] INFO  o.e.m.c.i.embedder.EclipseLogger - Copying 0 resource
2024-06-21 07:48:28,737 [Worker-64] INFO  o.e.m.c.i.embedder.EclipseLogger - Using 'UTF-8' encoding to copy filtered resources.
2024-06-21 07:48:28,739 [Worker-64] INFO  o.e.m.c.i.embedder.EclipseLogger - skip non existing resourceDirectory C:\Users\N\OneDrive\Escritorio\LP II\CL2Incacutipa\LPII_CL2_IncacutipaNinfa\src\test\resources
2024-06-21 07:51:30,385 [Worker-67] INFO  o.e.m.c.i.embedder.EclipseLogger - Using 'UTF-8' encoding to copy filtered resources.
2024-06-21 07:51:30,386 [Worker-67] INFO  o.e.m.c.i.embedder.EclipseLogger - Copying 1 resource
2024-06-21 07:51:30,394 [Worker-67] INFO  o.e.m.c.i.embedder.EclipseLogger - Using 'UTF-8' encoding to copy filtered resources.
2024-06-21 07:51:30,395 [Worker-67] INFO  o.e.m.c.i.embedder.EclipseLogger - skip non existing resourceDirectory C:\Users\N\OneDrive\Escritorio\LP II\CL2Incacutipa\LPII_CL2_IncacutipaNinfa\src\test\resources
2024-06-21 07:59:26,401 [Worker-69] INFO  o.e.m.c.i.embedder.EclipseLogger - Using 'UTF-8' encoding to copy filtered resources.
2024-06-21 07:59:26,403 [Worker-69] INFO  o.e.m.c.i.embedder.EclipseLogger - Copying 1 resource
2024-06-21 07:59:26,404 [Worker-69] INFO  o.e.m.c.i.embedder.EclipseLogger - Using 'UTF-8' encoding to copy filtered resources.
2024-06-21 07:59:26,405 [Worker-69] INFO  o.e.m.c.i.embedder.EclipseLogger - skip non existing resourceDirectory C:\Users\N\OneDrive\Escritorio\LP II\CL2Incacutipa\LPII_CL2_IncacutipaNinfa\src\test\resources
2024-06-21 07:59:34,214 [Worker-65] INFO  o.e.m.c.i.embedder.EclipseLogger - Using 'UTF-8' encoding to copy filtered resources.
2024-06-21 07:59:34,215 [Worker-65] INFO  o.e.m.c.i.embedder.EclipseLogger - Copying 1 resource
2024-06-21 07:59:34,216 [Worker-65] INFO  o.e.m.c.i.embedder.EclipseLogger - Using 'UTF-8' encoding to copy filtered resources.
2024-06-21 07:59:34,216 [Worker-65] INFO  o.e.m.c.i.embedder.EclipseLogger - skip non existing resourceDirectory C:\Users\N\OneDrive\Escritorio\LP II\CL2Incacutipa\LPII_CL2_IncacutipaNinfa\src\test\resources
2024-06-21 07:59:45,829 [Worker-69] INFO  o.e.m.c.i.embedder.EclipseLogger - Using 'UTF-8' encoding to copy filtered resources.
2024-06-21 07:59:45,830 [Worker-69] INFO  o.e.m.c.i.embedder.EclipseLogger - Copying 1 resource
2024-06-21 07:59:45,831 [Worker-69] INFO  o.e.m.c.i.embedder.EclipseLogger - Using 'UTF-8' encoding to copy filtered resources.
2024-06-21 07:59:45,831 [Worker-69] INFO  o.e.m.c.i.embedder.EclipseLogger - skip non existing resourceDirectory C:\Users\N\OneDrive\Escritorio\LP II\CL2Incacutipa\LPII_CL2_IncacutipaNinfa\src\test\resources
2024-06-21 08:09:10,404 [Worker-74] INFO  o.e.m.c.i.embedder.EclipseLogger - Using 'UTF-8' encoding to copy filtered resources.
2024-06-21 08:09:10,405 [Worker-74] INFO  o.e.m.c.i.embedder.EclipseLogger - Copying 0 resource
2024-06-21 08:09:10,405 [Worker-74] INFO  o.e.m.c.i.embedder.EclipseLogger - Using 'UTF-8' encoding to copy filtered resources.
2024-06-21 08:09:10,405 [Worker-74] INFO  o.e.m.c.i.embedder.EclipseLogger - skip non existing resourceDirectory C:\Users\N\OneDrive\Escritorio\LP II\CL2Incacutipa\LPII_CL2_IncacutipaNinfa\src\test\resources
2024-06-21 08:09:30,669 [Worker-65] INFO  o.e.m.c.i.l.LifecycleMappingFactory - Using org.maven.ide.eclipse.wtp.WarLifecycleMapping lifecycle mapping for MavenProject: jpa.cibertec:LPII_CL2_IncacutipaNinfa:0.0.1-SNAPSHOT @ C:\Users\N\OneDrive\Escritorio\LP II\CL2Incacutipa\LPII_CL2_IncacutipaNinfa\pom.xml.
2024-06-21 08:09:31,920 [Worker-65] INFO  o.e.m.c.i.embedder.EclipseLogger - Using 'UTF-8' encoding to copy filtered resources.
2024-06-21 08:09:31,922 [Worker-65] INFO  o.e.m.c.i.embedder.EclipseLogger - Copying 0 resource
2024-06-21 08:09:31,924 [Worker-65] INFO  o.e.m.c.i.embedder.EclipseLogger - Using 'UTF-8' encoding to copy filtered resources.
2024-06-21 08:09:31,925 [Worker-65] INFO  o.e.m.c.i.embedder.EclipseLogger - skip non existing resourceDirectory C:\Users\N\OneDrive\Escritorio\LP II\CL2Incacutipa\LPII_CL2_IncacutipaNinfa\src\test\resources
2024-06-21 08:09:31,925 [Worker-65] INFO  o.e.m.w.i.f.ResourceFilteringBuildParticipant - Changed resources require a complete clean of filtered resources of LPII_CL2_IncacutipaNinfa
2024-06-21 08:09:31,925 [Worker-65] INFO  o.e.m.w.i.f.ResourceFilteringBuildParticipant - Executing resource filtering for LPII_CL2_IncacutipaNinfa
2024-06-21 08:09:31,928 [Worker-65] INFO  o.e.m.c.i.embedder.EclipseLogger - Using 'UTF-8' encoding to copy filtered resources.
2024-06-21 08:09:33,500 [Worker-75] INFO  o.e.m.c.i.embedder.EclipseLogger - Using 'UTF-8' encoding to copy filtered resources.
2024-06-21 08:09:33,502 [Worker-75] INFO  o.e.m.c.i.embedder.EclipseLogger - Copying 1 resource
2024-06-21 08:09:33,509 [Worker-75] INFO  o.e.m.c.i.embedder.EclipseLogger - Using 'UTF-8' encoding to copy filtered resources.
2024-06-21 08:09:33,509 [Worker-75] INFO  o.e.m.c.i.embedder.EclipseLogger - skip non existing resourceDirectory C:\Users\N\OneDrive\Escritorio\LP II\CL2Incacutipa\LPII_CL2_IncacutipaNinfa\src\test\resources
2024-06-21 08:09:42,528 [Worker-65] INFO  o.e.m.c.i.embedder.EclipseLogger - Using 'UTF-8' encoding to copy filtered resources.
2024-06-21 08:09:42,528 [Worker-65] INFO  o.e.m.c.i.embedder.EclipseLogger - Copying 1 resource
2024-06-21 08:09:42,532 [Worker-65] INFO  o.e.m.c.i.embedder.EclipseLogger - Using 'UTF-8' encoding to copy filtered resources.
2024-06-21 08:09:42,532 [Worker-65] INFO  o.e.m.c.i.embedder.EclipseLogger - skip non existing resourceDirectory C:\Users\N\OneDrive\Escritorio\LP II\CL2Incacutipa\LPII_CL2_IncacutipaNinfa\src\test\resources
2024-06-21 08:10:24,613 [Worker-76] INFO  o.e.m.c.i.p.ProjectConfigurationManager - Update started
2024-06-21 08:10:25,024 [Worker-76] INFO  o.e.m.c.i.l.LifecycleMappingFactory - Using org.maven.ide.eclipse.wtp.WarLifecycleMapping lifecycle mapping for MavenProject: jpa.cibertec:LPII_CL2_IncacutipaNinfa:0.0.1-SNAPSHOT @ C:\Users\N\OneDrive\Escritorio\LP II\CL2Incacutipa\LPII_CL2_IncacutipaNinfa\pom.xml.
2024-06-21 08:10:26,114 [Worker-76] INFO  o.e.m.j.i.AbstractJavaProjectConfigurator - Adding source folder /LPII_CL2_IncacutipaNinfa/src/main/java
2024-06-21 08:10:26,114 [Worker-76] INFO  o.e.m.j.i.AbstractJavaProjectConfigurator - Adding resource folder /LPII_CL2_IncacutipaNinfa/src/main/resources
2024-06-21 08:10:26,114 [Worker-76] INFO  o.e.m.j.i.AbstractJavaProjectConfigurator - Adding source folder /LPII_CL2_IncacutipaNinfa/src/test/java
2024-06-21 08:10:27,094 [Worker-76] INFO  o.e.m.w.i.f.ResourceFilteringBuildParticipant - Cleaning filtered folder for LPII_CL2_IncacutipaNinfa
2024-06-21 08:10:27,097 [Worker-76] INFO  o.e.m.c.i.p.ProjectConfigurationManager - Update completed: 2 sec
2024-06-21 08:10:27,989 [Worker-75] INFO  o.e.m.c.i.embedder.EclipseLogger - Using 'UTF-8' encoding to copy filtered resources.
2024-06-21 08:10:27,989 [Worker-75] INFO  o.e.m.c.i.embedder.EclipseLogger - Copying 1 resource
2024-06-21 08:10:27,997 [Worker-75] INFO  o.e.m.c.i.embedder.EclipseLogger - Using 'UTF-8' encoding to copy filtered resources.
2024-06-21 08:10:27,998 [Worker-75] INFO  o.e.m.c.i.embedder.EclipseLogger - skip non existing resourceDirectory C:\Users\N\OneDrive\Escritorio\LP II\CL2Incacutipa\LPII_CL2_IncacutipaNinfa\src\test\resources
2024-06-21 08:10:27,998 [Worker-75] INFO  o.e.m.w.i.f.ResourceFilteringBuildParticipant - Changed resources require a complete clean of filtered resources of LPII_CL2_IncacutipaNinfa
2024-06-21 08:10:27,998 [Worker-75] INFO  o.e.m.w.i.f.ResourceFilteringBuildParticipant - Executing resource filtering for LPII_CL2_IncacutipaNinfa
2024-06-21 08:10:28,001 [Worker-75] INFO  o.e.m.c.i.embedder.EclipseLogger - Using 'UTF-8' encoding to copy filtered resources.
2024-06-21 08:14:11,540 [Worker-77] INFO  o.e.m.c.i.embedder.EclipseLogger - Using 'UTF-8' encoding to copy filtered resources.
2024-06-21 08:14:11,542 [Worker-77] INFO  o.e.m.c.i.embedder.EclipseLogger - Copying 1 resource
2024-06-21 08:14:11,543 [Worker-77] INFO  o.e.m.c.i.embedder.EclipseLogger - Using 'UTF-8' encoding to copy filtered resources.
2024-06-21 08:14:11,543 [Worker-77] INFO  o.e.m.c.i.embedder.EclipseLogger - skip non existing resourceDirectory C:\Users\N\OneDrive\Escritorio\LP II\CL2Incacutipa\LPII_CL2_IncacutipaNinfa\src\test\resources
2024-06-21 08:14:17,493 [Worker-78] INFO  o.e.m.c.i.embedder.EclipseLogger - Using 'UTF-8' encoding to copy filtered resources.
2024-06-21 08:14:17,494 [Worker-78] INFO  o.e.m.c.i.embedder.EclipseLogger - Copying 0 resource
2024-06-21 08:14:17,494 [Worker-78] INFO  o.e.m.c.i.embedder.EclipseLogger - Using 'UTF-8' encoding to copy filtered resources.
2024-06-21 08:14:17,494 [Worker-78] INFO  o.e.m.c.i.embedder.EclipseLogger - skip non existing resourceDirectory C:\Users\N\OneDrive\Escritorio\LP II\CL2Incacutipa\LPII_CL2_IncacutipaNinfa\src\test\resources
2024-06-21 08:14:23,458 [Worker-65] INFO  o.e.m.c.i.embedder.EclipseLogger - Using 'UTF-8' encoding to copy filtered resources.
2024-06-21 08:14:23,459 [Worker-65] INFO  o.e.m.c.i.embedder.EclipseLogger - Copying 0 resource
2024-06-21 08:14:23,460 [Worker-65] INFO  o.e.m.c.i.embedder.EclipseLogger - Using 'UTF-8' encoding to copy filtered resources.
2024-06-21 08:14:23,460 [Worker-65] INFO  o.e.m.c.i.embedder.EclipseLogger - skip non existing resourceDirectory C:\Users\N\OneDrive\Escritorio\LP II\CL2Incacutipa\LPII_CL2_IncacutipaNinfa\src\test\resources
2024-06-21 08:17:35,437 [Worker-75] INFO  o.e.m.c.i.embedder.EclipseLogger - Using 'UTF-8' encoding to copy filtered resources.
2024-06-21 08:17:35,437 [Worker-75] INFO  o.e.m.c.i.embedder.EclipseLogger - Copying 1 resource
2024-06-21 08:17:35,440 [Worker-75] INFO  o.e.m.c.i.embedder.EclipseLogger - Using 'UTF-8' encoding to copy filtered resources.
2024-06-21 08:17:35,441 [Worker-75] INFO  o.e.m.c.i.embedder.EclipseLogger - skip non existing resourceDirectory C:\Users\N\OneDrive\Escritorio\LP II\CL2Incacutipa\LPII_CL2_IncacutipaNinfa\src\test\resources
2024-06-21 08:18:40,330 [Worker-79] INFO  o.e.m.c.i.embedder.EclipseLogger - Using 'UTF-8' encoding to copy filtered resources.
2024-06-21 08:18:40,331 [Worker-79] INFO  o.e.m.c.i.embedder.EclipseLogger - Copying 1 resource
2024-06-21 08:18:40,334 [Worker-79] INFO  o.e.m.c.i.embedder.EclipseLogger - Using 'UTF-8' encoding to copy filtered resources.
2024-06-21 08:18:40,334 [Worker-79] INFO  o.e.m.c.i.embedder.EclipseLogger - skip non existing resourceDirectory C:\Users\N\OneDrive\Escritorio\LP II\CL2Incacutipa\LPII_CL2_IncacutipaNinfa\src\test\resources
2024-06-21 08:18:46,449 [Worker-76] INFO  o.e.m.c.i.p.ProjectConfigurationManager - Update started
2024-06-21 08:18:46,837 [Worker-76] INFO  o.e.m.c.i.l.LifecycleMappingFactory - Using org.maven.ide.eclipse.wtp.WarLifecycleMapping lifecycle mapping for MavenProject: jpa.cibertec:LPII_CL2_IncacutipaNinfa:0.0.1-SNAPSHOT @ C:\Users\N\OneDrive\Escritorio\LP II\CL2Incacutipa\LPII_CL2_IncacutipaNinfa\pom.xml.
2024-06-21 08:18:47,991 [Worker-76] INFO  o.e.m.j.i.AbstractJavaProjectConfigurator - Adding source folder /LPII_CL2_IncacutipaNinfa/src/main/java
2024-06-21 08:18:47,992 [Worker-76] INFO  o.e.m.j.i.AbstractJavaProjectConfigurator - Adding resource folder /LPII_CL2_IncacutipaNinfa/src/main/resources
2024-06-21 08:18:47,992 [Worker-76] INFO  o.e.m.j.i.AbstractJavaProjectConfigurator - Adding source folder /LPII_CL2_IncacutipaNinfa/src/test/java
2024-06-21 08:18:48,830 [Worker-76] INFO  o.e.m.w.i.f.ResourceFilteringBuildParticipant - Cleaning filtered folder for LPII_CL2_IncacutipaNinfa
2024-06-21 08:18:48,833 [Worker-76] INFO  o.e.m.c.i.p.ProjectConfigurationManager - Update completed: 2 sec
2024-06-21 08:18:49,729 [Worker-65] INFO  o.e.m.c.i.embedder.EclipseLogger - Using 'UTF-8' encoding to copy filtered resources.
2024-06-21 08:18:49,730 [Worker-65] INFO  o.e.m.c.i.embedder.EclipseLogger - Copying 1 resource
2024-06-21 08:18:49,736 [Worker-65] INFO  o.e.m.c.i.embedder.EclipseLogger - Using 'UTF-8' encoding to copy filtered resources.
2024-06-21 08:18:49,737 [Worker-65] INFO  o.e.m.c.i.embedder.EclipseLogger - skip non existing resourceDirectory C:\Users\N\OneDrive\Escritorio\LP II\CL2Incacutipa\LPII_CL2_IncacutipaNinfa\src\test\resources
2024-06-21 08:18:49,737 [Worker-65] INFO  o.e.m.w.i.f.ResourceFilteringBuildParticipant - Changed resources require a complete clean of filtered resources of LPII_CL2_IncacutipaNinfa
2024-06-21 08:18:49,737 [Worker-65] INFO  o.e.m.w.i.f.ResourceFilteringBuildParticipant - Executing resource filtering for LPII_CL2_IncacutipaNinfa
2024-06-21 08:18:49,739 [Worker-65] INFO  o.e.m.c.i.embedder.EclipseLogger - Using 'UTF-8' encoding to copy filtered resources.
2024-06-21 08:19:24,664 [Worker-79] INFO  o.e.m.c.i.embedder.EclipseLogger - Using 'UTF-8' encoding to copy filtered resources.
2024-06-21 08:19:24,667 [Worker-79] INFO  o.e.m.c.i.embedder.EclipseLogger - Copying 1 resource
2024-06-21 08:19:24,668 [Worker-79] INFO  o.e.m.c.i.embedder.EclipseLogger - Using 'UTF-8' encoding to copy filtered resources.
2024-06-21 08:19:24,669 [Worker-79] INFO  o.e.m.c.i.embedder.EclipseLogger - skip non existing resourceDirectory C:\Users\N\OneDrive\Escritorio\LP II\CL2Incacutipa\LPII_CL2_IncacutipaNinfa\src\test\resources
2024-06-21 08:20:08,525 [Worker-80] INFO  o.e.m.c.i.embedder.EclipseLogger - Using 'UTF-8' encoding to copy filtered resources.
2024-06-21 08:20:08,526 [Worker-80] INFO  o.e.m.c.i.embedder.EclipseLogger - Copying 1 resource
2024-06-21 08:20:08,527 [Worker-80] INFO  o.e.m.c.i.embedder.EclipseLogger - Using 'UTF-8' encoding to copy filtered resources.
2024-06-21 08:20:08,528 [Worker-80] INFO  o.e.m.c.i.embedder.EclipseLogger - skip non existing resourceDirectory C:\Users\N\OneDrive\Escritorio\LP II\CL2Incacutipa\LPII_CL2_IncacutipaNinfa\src\test\resources
2024-06-21 08:20:17,465 [Worker-75] INFO  o.e.m.c.i.p.ProjectConfigurationManager - Update started
2024-06-21 08:20:17,812 [Worker-75] INFO  o.e.m.c.i.l.LifecycleMappingFactory - Using org.maven.ide.eclipse.wtp.WarLifecycleMapping lifecycle mapping for MavenProject: jpa.cibertec:LPII_CL2_IncacutipaNinfa:0.0.1-SNAPSHOT @ C:\Users\N\OneDrive\Escritorio\LP II\CL2Incacutipa\LPII_CL2_IncacutipaNinfa\pom.xml.
2024-06-21 08:20:18,945 [Worker-75] INFO  o.e.m.j.i.AbstractJavaProjectConfigurator - Adding source folder /LPII_CL2_IncacutipaNinfa/src/main/java
2024-06-21 08:20:18,946 [Worker-75] INFO  o.e.m.j.i.AbstractJavaProjectConfigurator - Adding resource folder /LPII_CL2_IncacutipaNinfa/src/main/resources
2024-06-21 08:20:18,946 [Worker-75] INFO  o.e.m.j.i.AbstractJavaProjectConfigurator - Adding source folder /LPII_CL2_IncacutipaNinfa/src/test/java
2024-06-21 08:20:19,829 [Worker-75] INFO  o.e.m.w.i.f.ResourceFilteringBuildParticipant - Cleaning filtered folder for LPII_CL2_IncacutipaNinfa
2024-06-21 08:20:19,833 [Worker-75] INFO  o.e.m.c.i.p.ProjectConfigurationManager - Update completed: 2 sec
2024-06-21 08:20:20,840 [Worker-81] INFO  o.e.m.c.i.embedder.EclipseLogger - Using 'UTF-8' encoding to copy filtered resources.
2024-06-21 08:20:20,841 [Worker-81] INFO  o.e.m.c.i.embedder.EclipseLogger - Copying 1 resource
2024-06-21 08:20:20,848 [Worker-81] INFO  o.e.m.c.i.embedder.EclipseLogger - Using 'UTF-8' encoding to copy filtered resources.
2024-06-21 08:20:20,848 [Worker-81] INFO  o.e.m.c.i.embedder.EclipseLogger - skip non existing resourceDirectory C:\Users\N\OneDrive\Escritorio\LP II\CL2Incacutipa\LPII_CL2_IncacutipaNinfa\src\test\resources
2024-06-21 08:20:20,848 [Worker-81] INFO  o.e.m.w.i.f.ResourceFilteringBuildParticipant - Changed resources require a complete clean of filtered resources of LPII_CL2_IncacutipaNinfa
2024-06-21 08:20:20,849 [Worker-81] INFO  o.e.m.w.i.f.ResourceFilteringBuildParticipant - Executing resource filtering for LPII_CL2_IncacutipaNinfa
2024-06-21 08:20:20,851 [Worker-81] INFO  o.e.m.c.i.embedder.EclipseLogger - Using 'UTF-8' encoding to copy filtered resources.
2024-06-21 08:21:27,244 [Worker-82] INFO  o.e.m.c.i.embedder.EclipseLogger - Using 'UTF-8' encoding to copy filtered resources.
2024-06-21 08:21:27,252 [Worker-82] INFO  o.e.m.c.i.embedder.EclipseLogger - Copying 0 resource
2024-06-21 08:21:27,253 [Worker-82] INFO  o.e.m.c.i.embedder.EclipseLogger - Using 'UTF-8' encoding to copy filtered resources.
2024-06-21 08:21:27,253 [Worker-82] INFO  o.e.m.c.i.embedder.EclipseLogger - skip non existing resourceDirectory C:\Users\N\OneDrive\Escritorio\LP II\CL2Incacutipa\LPII_CL2_IncacutipaNinfa\src\test\resources
2024-06-21 08:21:38,810 [Worker-79] INFO  o.e.m.c.i.embedder.EclipseLogger - Using 'UTF-8' encoding to copy filtered resources.
2024-06-21 08:21:38,810 [Worker-79] INFO  o.e.m.c.i.embedder.EclipseLogger - Copying 0 resource
2024-06-21 08:21:38,811 [Worker-79] INFO  o.e.m.c.i.embedder.EclipseLogger - Using 'UTF-8' encoding to copy filtered resources.
2024-06-21 08:21:38,811 [Worker-79] INFO  o.e.m.c.i.embedder.EclipseLogger - skip non existing resourceDirectory C:\Users\N\OneDrive\Escritorio\LP II\CL2Incacutipa\LPII_CL2_IncacutipaNinfa\src\test\resources
2024-06-21 08:21:47,595 [Worker-80] INFO  o.e.m.c.i.p.ProjectConfigurationManager - Update started
2024-06-21 08:21:47,954 [Worker-80] INFO  o.e.m.c.i.l.LifecycleMappingFactory - Using org.maven.ide.eclipse.wtp.WarLifecycleMapping lifecycle mapping for MavenProject: jpa.cibertec:LPII_CL2_IncacutipaNinfa:0.0.1-SNAPSHOT @ C:\Users\N\OneDrive\Escritorio\LP II\CL2Incacutipa\LPII_CL2_IncacutipaNinfa\pom.xml.
2024-06-21 08:21:48,997 [Worker-80] INFO  o.e.m.j.i.AbstractJavaProjectConfigurator - Adding source folder /LPII_CL2_IncacutipaNinfa/src/main/java
2024-06-21 08:21:48,998 [Worker-80] INFO  o.e.m.j.i.AbstractJavaProjectConfigurator - Adding resource folder /LPII_CL2_IncacutipaNinfa/src/main/resources
2024-06-21 08:21:48,998 [Worker-80] INFO  o.e.m.j.i.AbstractJavaProjectConfigurator - Adding source folder /LPII_CL2_IncacutipaNinfa/src/test/java
2024-06-21 08:21:49,843 [Worker-80] INFO  o.e.m.w.i.f.ResourceFilteringBuildParticipant - Cleaning filtered folder for LPII_CL2_IncacutipaNinfa
2024-06-21 08:21:49,847 [Worker-80] INFO  o.e.m.c.i.p.ProjectConfigurationManager - Update completed: 2 sec
2024-06-21 08:21:50,817 [Worker-80] INFO  o.e.m.c.i.embedder.EclipseLogger - Using 'UTF-8' encoding to copy filtered resources.
2024-06-21 08:21:50,818 [Worker-80] INFO  o.e.m.c.i.embedder.EclipseLogger - Copying 1 resource
2024-06-21 08:21:50,827 [Worker-80] INFO  o.e.m.c.i.embedder.EclipseLogger - Using 'UTF-8' encoding to copy filtered resources.
2024-06-21 08:21:50,828 [Worker-80] INFO  o.e.m.c.i.embedder.EclipseLogger - skip non existing resourceDirectory C:\Users\N\OneDrive\Escritorio\LP II\CL2Incacutipa\LPII_CL2_IncacutipaNinfa\src\test\resources
2024-06-21 08:21:50,828 [Worker-80] INFO  o.e.m.w.i.f.ResourceFilteringBuildParticipant - Changed resources require a complete clean of filtered resources of LPII_CL2_IncacutipaNinfa
2024-06-21 08:21:50,828 [Worker-80] INFO  o.e.m.w.i.f.ResourceFilteringBuildParticipant - Executing resource filtering for LPII_CL2_IncacutipaNinfa
2024-06-21 08:21:50,830 [Worker-80] INFO  o.e.m.c.i.embedder.EclipseLogger - Using 'UTF-8' encoding to copy filtered resources.
2024-06-21 08:22:00,715 [Worker-80] INFO  o.e.m.c.i.p.ProjectConfigurationManager - Update started
2024-06-21 08:22:01,079 [Worker-80] INFO  o.e.m.c.i.l.LifecycleMappingFactory - Using org.maven.ide.eclipse.wtp.WarLifecycleMapping lifecycle mapping for MavenProject: jpa.cibertec:LPII_CL2_IncacutipaNinfa:0.0.1-SNAPSHOT @ C:\Users\N\OneDrive\Escritorio\LP II\CL2Incacutipa\LPII_CL2_IncacutipaNinfa\pom.xml.
2024-06-21 08:22:02,179 [Worker-80] INFO  o.e.m.j.i.AbstractJavaProjectConfigurator - Adding source folder /LPII_CL2_IncacutipaNinfa/src/main/java
2024-06-21 08:22:02,180 [Worker-80] INFO  o.e.m.j.i.AbstractJavaProjectConfigurator - Adding resource folder /LPII_CL2_IncacutipaNinfa/src/main/resources
2024-06-21 08:22:02,180 [Worker-80] INFO  o.e.m.j.i.AbstractJavaProjectConfigurator - Adding source folder /LPII_CL2_IncacutipaNinfa/src/test/java
2024-06-21 08:22:02,809 [Worker-80] INFO  o.e.m.w.i.f.ResourceFilteringBuildParticipant - Cleaning filtered folder for LPII_CL2_IncacutipaNinfa
2024-06-21 08:22:02,812 [Worker-80] INFO  o.e.m.c.i.p.ProjectConfigurationManager - Update completed: 2 sec
2024-06-21 08:22:03,761 [Worker-80] INFO  o.e.m.c.i.embedder.EclipseLogger - Using 'UTF-8' encoding to copy filtered resources.
2024-06-21 08:22:03,761 [Worker-80] INFO  o.e.m.c.i.embedder.EclipseLogger - Copying 1 resource
2024-06-21 08:22:03,768 [Worker-80] INFO  o.e.m.c.i.embedder.EclipseLogger - Using 'UTF-8' encoding to copy filtered resources.
2024-06-21 08:22:03,768 [Worker-80] INFO  o.e.m.c.i.embedder.EclipseLogger - skip non existing resourceDirectory C:\Users\N\OneDrive\Escritorio\LP II\CL2Incacutipa\LPII_CL2_IncacutipaNinfa\src\test\resources
2024-06-21 08:22:03,768 [Worker-80] INFO  o.e.m.w.i.f.ResourceFilteringBuildParticipant - Changed resources require a complete clean of filtered resources of LPII_CL2_IncacutipaNinfa
2024-06-21 08:22:03,768 [Worker-80] INFO  o.e.m.w.i.f.ResourceFilteringBuildParticipant - Executing resource filtering for LPII_CL2_IncacutipaNinfa
2024-06-21 08:22:03,771 [Worker-80] INFO  o.e.m.c.i.embedder.EclipseLogger - Using 'UTF-8' encoding to copy filtered resources.
2024-06-21 08:23:41,170 [Worker-82] INFO  o.e.m.c.i.embedder.EclipseLogger - Using 'UTF-8' encoding to copy filtered resources.
2024-06-21 08:23:41,174 [Worker-82] INFO  o.e.m.c.i.embedder.EclipseLogger - Copying 1 resource
2024-06-21 08:23:41,177 [Worker-82] INFO  o.e.m.c.i.embedder.EclipseLogger - Using 'UTF-8' encoding to copy filtered resources.
2024-06-21 08:23:41,178 [Worker-82] INFO  o.e.m.c.i.embedder.EclipseLogger - skip non existing resourceDirectory C:\Users\N\OneDrive\Escritorio\LP II\CL2Incacutipa\LPII_CL2_IncacutipaNinfa\src\test\resources
2024-06-21 08:23:55,050 [Worker-86] INFO  o.e.m.c.i.embedder.EclipseLogger - Using 'UTF-8' encoding to copy filtered resources.
2024-06-21 08:23:55,051 [Worker-86] INFO  o.e.m.c.i.embedder.EclipseLogger - Copying 1 resource
2024-06-21 08:23:55,052 [Worker-86] INFO  o.e.m.c.i.embedder.EclipseLogger - Using 'UTF-8' encoding to copy filtered resources.
2024-06-21 08:23:55,052 [Worker-86] INFO  o.e.m.c.i.embedder.EclipseLogger - skip non existing resourceDirectory C:\Users\N\OneDrive\Escritorio\LP II\CL2Incacutipa\LPII_CL2_IncacutipaNinfa\src\test\resources
2024-06-21 08:24:13,644 [Worker-76] INFO  o.e.m.c.i.l.LifecycleMappingFactory - Using org.maven.ide.eclipse.wtp.WarLifecycleMapping lifecycle mapping for MavenProject: jpa.cibertec:LPII_CL2_IncacutipaNinfa:0.0.1-SNAPSHOT @ C:\Users\N\OneDrive\Escritorio\LP II\CL2Incacutipa\LPII_CL2_IncacutipaNinfa\pom.xml.
2024-06-21 08:24:14,787 [Worker-76] INFO  o.e.m.c.i.embedder.EclipseLogger - Using 'UTF-8' encoding to copy filtered resources.
2024-06-21 08:24:14,788 [Worker-76] INFO  o.e.m.c.i.embedder.EclipseLogger - Copying 0 resource
2024-06-21 08:24:14,789 [Worker-76] INFO  o.e.m.c.i.embedder.EclipseLogger - Using 'UTF-8' encoding to copy filtered resources.
2024-06-21 08:24:14,789 [Worker-76] INFO  o.e.m.c.i.embedder.EclipseLogger - skip non existing resourceDirectory C:\Users\N\OneDrive\Escritorio\LP II\CL2Incacutipa\LPII_CL2_IncacutipaNinfa\src\test\resources
2024-06-21 08:24:14,789 [Worker-76] INFO  o.e.m.w.i.f.ResourceFilteringBuildParticipant - Changed resources require a complete clean of filtered resources of LPII_CL2_IncacutipaNinfa
2024-06-21 08:24:14,790 [Worker-76] INFO  o.e.m.w.i.f.ResourceFilteringBuildParticipant - Executing resource filtering for LPII_CL2_IncacutipaNinfa
2024-06-21 08:24:14,792 [Worker-76] INFO  o.e.m.c.i.embedder.EclipseLogger - Using 'UTF-8' encoding to copy filtered resources.
2024-06-21 08:24:16,326 [Worker-84] INFO  o.e.m.c.i.embedder.EclipseLogger - Using 'UTF-8' encoding to copy filtered resources.
2024-06-21 08:24:16,328 [Worker-84] INFO  o.e.m.c.i.embedder.EclipseLogger - Copying 1 resource
2024-06-21 08:24:16,335 [Worker-84] INFO  o.e.m.c.i.embedder.EclipseLogger - Using 'UTF-8' encoding to copy filtered resources.
2024-06-21 08:24:16,335 [Worker-84] INFO  o.e.m.c.i.embedder.EclipseLogger - skip non existing resourceDirectory C:\Users\N\OneDrive\Escritorio\LP II\CL2Incacutipa\LPII_CL2_IncacutipaNinfa\src\test\resources
2024-06-21 08:24:27,639 [Worker-80] INFO  o.e.m.c.i.p.ProjectConfigurationManager - Update started
2024-06-21 08:24:28,003 [Worker-80] INFO  o.e.m.c.i.l.LifecycleMappingFactory - Using org.maven.ide.eclipse.wtp.WarLifecycleMapping lifecycle mapping for MavenProject: jpa.cibertec:LPII_CL2_IncacutipaNinfa:0.0.1-SNAPSHOT @ C:\Users\N\OneDrive\Escritorio\LP II\CL2Incacutipa\LPII_CL2_IncacutipaNinfa\pom.xml.
2024-06-21 08:24:29,127 [Worker-80] INFO  o.e.m.j.i.AbstractJavaProjectConfigurator - Adding source folder /LPII_CL2_IncacutipaNinfa/src/main/java
2024-06-21 08:24:29,127 [Worker-80] INFO  o.e.m.j.i.AbstractJavaProjectConfigurator - Adding resource folder /LPII_CL2_IncacutipaNinfa/src/main/resources
2024-06-21 08:24:29,127 [Worker-80] INFO  o.e.m.j.i.AbstractJavaProjectConfigurator - Adding source folder /LPII_CL2_IncacutipaNinfa/src/test/java
2024-06-21 08:24:29,893 [Worker-80] INFO  o.e.m.w.i.f.ResourceFilteringBuildParticipant - Cleaning filtered folder for LPII_CL2_IncacutipaNinfa
2024-06-21 08:24:29,897 [Worker-80] INFO  o.e.m.c.i.p.ProjectConfigurationManager - Update completed: 2 sec
2024-06-21 08:24:30,824 [Worker-87] INFO  o.e.m.c.i.embedder.EclipseLogger - Using 'UTF-8' encoding to copy filtered resources.
2024-06-21 08:24:30,825 [Worker-87] INFO  o.e.m.c.i.embedder.EclipseLogger - Copying 1 resource
2024-06-21 08:24:30,834 [Worker-87] INFO  o.e.m.c.i.embedder.EclipseLogger - Using 'UTF-8' encoding to copy filtered resources.
2024-06-21 08:24:30,834 [Worker-87] INFO  o.e.m.c.i.embedder.EclipseLogger - skip non existing resourceDirectory C:\Users\N\OneDrive\Escritorio\LP II\CL2Incacutipa\LPII_CL2_IncacutipaNinfa\src\test\resources
2024-06-21 08:24:30,835 [Worker-87] INFO  o.e.m.w.i.f.ResourceFilteringBuildParticipant - Changed resources require a complete clean of filtered resources of LPII_CL2_IncacutipaNinfa
2024-06-21 08:24:30,835 [Worker-87] INFO  o.e.m.w.i.f.ResourceFilteringBuildParticipant - Executing resource filtering for LPII_CL2_IncacutipaNinfa
2024-06-21 08:24:30,839 [Worker-87] INFO  o.e.m.c.i.embedder.EclipseLogger - Using 'UTF-8' encoding to copy filtered resources.
2024-06-21 08:25:06,588 [Worker-79] INFO  o.e.m.c.i.embedder.EclipseLogger - Using 'UTF-8' encoding to copy filtered resources.
2024-06-21 08:25:06,590 [Worker-79] INFO  o.e.m.c.i.embedder.EclipseLogger - Copying 1 resource
2024-06-21 08:25:06,591 [Worker-79] INFO  o.e.m.c.i.embedder.EclipseLogger - Using 'UTF-8' encoding to copy filtered resources.
2024-06-21 08:25:06,592 [Worker-79] INFO  o.e.m.c.i.embedder.EclipseLogger - skip non existing resourceDirectory C:\Users\N\OneDrive\Escritorio\LP II\CL2Incacutipa\LPII_CL2_IncacutipaNinfa\src\test\resources
2024-06-21 08:44:44,814 [Worker-88] INFO  o.e.m.c.i.embedder.EclipseLogger - Using 'UTF-8' encoding to copy filtered resources.
2024-06-21 08:44:44,814 [Worker-88] INFO  o.e.m.c.i.embedder.EclipseLogger - Copying 0 resource
2024-06-21 08:44:44,815 [Worker-88] INFO  o.e.m.c.i.embedder.EclipseLogger - Using 'UTF-8' encoding to copy filtered resources.
2024-06-21 08:44:44,815 [Worker-88] INFO  o.e.m.c.i.embedder.EclipseLogger - skip non existing resourceDirectory C:\Users\N\OneDrive\Escritorio\LP II\CL2Incacutipa\LPII_CL2_IncacutipaNinfa\src\test\resources
2024-06-21 08:45:07,643 [Worker-82] INFO  o.e.m.c.i.p.ProjectConfigurationManager - Update started
2024-06-21 08:45:08,008 [Worker-82] INFO  o.e.m.c.i.l.LifecycleMappingFactory - Using org.maven.ide.eclipse.wtp.WarLifecycleMapping lifecycle mapping for MavenProject: jpa.cibertec:LPII_CL2_IncacutipaNinfa:0.0.1-SNAPSHOT @ C:\Users\N\OneDrive\Escritorio\LP II\CL2Incacutipa\LPII_CL2_IncacutipaNinfa\pom.xml.
2024-06-21 08:45:09,086 [Worker-82] INFO  o.e.m.j.i.AbstractJavaProjectConfigurator - Adding source folder /LPII_CL2_IncacutipaNinfa/src/main/java
2024-06-21 08:45:09,086 [Worker-82] INFO  o.e.m.j.i.AbstractJavaProjectConfigurator - Adding resource folder /LPII_CL2_IncacutipaNinfa/src/main/resources
2024-06-21 08:45:09,086 [Worker-82] INFO  o.e.m.j.i.AbstractJavaProjectConfigurator - Adding source folder /LPII_CL2_IncacutipaNinfa/src/test/java
2024-06-21 08:45:09,877 [Worker-82] INFO  o.e.m.w.i.f.ResourceFilteringBuildParticipant - Cleaning filtered folder for LPII_CL2_IncacutipaNinfa
2024-06-21 08:45:09,880 [Worker-82] INFO  o.e.m.c.i.p.ProjectConfigurationManager - Update completed: 2 sec
2024-06-21 08:45:10,826 [Worker-95] INFO  o.e.m.c.i.embedder.EclipseLogger - Using 'UTF-8' encoding to copy filtered resources.
2024-06-21 08:45:10,827 [Worker-95] INFO  o.e.m.c.i.embedder.EclipseLogger - Copying 1 resource
2024-06-21 08:45:10,834 [Worker-95] INFO  o.e.m.c.i.embedder.EclipseLogger - Using 'UTF-8' encoding to copy filtered resources.
2024-06-21 08:45:10,835 [Worker-95] INFO  o.e.m.c.i.embedder.EclipseLogger - skip non existing resourceDirectory C:\Users\N\OneDrive\Escritorio\LP II\CL2Incacutipa\LPII_CL2_IncacutipaNinfa\src\test\resources
2024-06-21 08:45:10,835 [Worker-95] INFO  o.e.m.w.i.f.ResourceFilteringBuildParticipant - Changed resources require a complete clean of filtered resources of LPII_CL2_IncacutipaNinfa
2024-06-21 08:45:10,835 [Worker-95] INFO  o.e.m.w.i.f.ResourceFilteringBuildParticipant - Executing resource filtering for LPII_CL2_IncacutipaNinfa
2024-06-21 08:45:10,837 [Worker-95] INFO  o.e.m.c.i.embedder.EclipseLogger - Using 'UTF-8' encoding to copy filtered resources.
2024-06-21 08:54:50,543 [Worker-12] INFO  o.e.m.c.i.embedder.EclipseLogger - Using 'UTF-8' encoding to copy filtered resources.
2024-06-21 08:54:50,555 [Worker-12] INFO  o.e.m.c.i.embedder.EclipseLogger - Copying 1 resource
2024-06-21 08:54:50,561 [Worker-12] INFO  o.e.m.c.i.embedder.EclipseLogger - Using 'UTF-8' encoding to copy filtered resources.
2024-06-21 08:54:50,561 [Worker-12] INFO  o.e.m.c.i.embedder.EclipseLogger - skip non existing resourceDirectory C:\Users\N\OneDrive\Escritorio\LP II\CL2Incacutipa\LPII_CL2_IncacutipaNinfa\src\test\resources
2024-06-21 09:09:51,054 [Worker-27] INFO  o.e.m.c.i.embedder.EclipseLogger - Using 'UTF-8' encoding to copy filtered resources.
2024-06-21 09:09:51,070 [Worker-27] INFO  o.e.m.c.i.embedder.EclipseLogger - Copying 0 resource
2024-06-21 09:09:51,072 [Worker-27] INFO  o.e.m.c.i.embedder.EclipseLogger - Using 'UTF-8' encoding to copy filtered resources.
2024-06-21 09:09:51,072 [Worker-27] INFO  o.e.m.c.i.embedder.EclipseLogger - skip non existing resourceDirectory C:\Users\N\OneDrive\Escritorio\LP II\CL2Incacutipa\LPII_CL2_IncacutipaNinfa\src\test\resources
2024-06-21 09:12:46,598 [Worker-31] INFO  o.e.m.c.i.embedder.EclipseLogger - Using 'UTF-8' encoding to copy filtered resources.
2024-06-21 09:12:46,600 [Worker-31] INFO  o.e.m.c.i.embedder.EclipseLogger - Copying 1 resource
2024-06-21 09:12:46,606 [Worker-31] INFO  o.e.m.c.i.embedder.EclipseLogger - Using 'UTF-8' encoding to copy filtered resources.
2024-06-21 09:12:46,606 [Worker-31] INFO  o.e.m.c.i.embedder.EclipseLogger - skip non existing resourceDirectory C:\Users\N\OneDrive\Escritorio\LP II\CL2Incacutipa\LPII_CL2_IncacutipaNinfa\src\test\resources
2024-06-21 09:13:50,746 [Worker-27] INFO  o.e.m.c.i.embedder.EclipseLogger - Using 'UTF-8' encoding to copy filtered resources.
2024-06-21 09:13:50,751 [Worker-27] INFO  o.e.m.c.i.embedder.EclipseLogger - Copying 1 resource
2024-06-21 09:13:50,753 [Worker-27] INFO  o.e.m.c.i.embedder.EclipseLogger - Using 'UTF-8' encoding to copy filtered resources.
2024-06-21 09:13:50,753 [Worker-27] INFO  o.e.m.c.i.embedder.EclipseLogger - skip non existing resourceDirectory C:\Users\N\OneDrive\Escritorio\LP II\CL2Incacutipa\LPII_CL2_IncacutipaNinfa\src\test\resources
2024-06-21 09:14:17,619 [Worker-29] WARN  o.e.r.models.ModelRepository - Failed to download org.eclipse.recommenders:index::zip:0.0.0
org.eclipse.aether.resolution.ArtifactResolutionException: Could not find artifact org.eclipse.recommenders:index:zip:0.0.0-SNAPSHOT in models (http://download.eclipse.org/recommenders/models/mars/)
	at org.eclipse.aether.internal.impl.DefaultArtifactResolver.resolve(DefaultArtifactResolver.java:444) ~[na:na]
	at org.eclipse.aether.internal.impl.DefaultArtifactResolver.resolveArtifacts(DefaultArtifactResolver.java:246) ~[na:na]
	at org.eclipse.aether.internal.impl.DefaultArtifactResolver.resolveArtifact(DefaultArtifactResolver.java:223) ~[na:na]
	at org.eclipse.aether.internal.impl.DefaultRepositorySystem.resolveArtifact(DefaultRepositorySystem.java:294) ~[na:na]
	at org.eclipse.recommenders.models.ModelRepository.resolveInternal(ModelRepository.java:192) [org.eclipse.recommenders.models_2.3.0.v20160216-1255.jar:na]
	at org.eclipse.recommenders.models.ModelRepository.resolve(ModelRepository.java:174) [org.eclipse.recommenders.models_2.3.0.v20160216-1255.jar:na]
	at org.eclipse.recommenders.internal.models.rcp.EclipseModelRepository.resolve(EclipseModelRepository.java:165) [org.eclipse.recommenders.models.rcp_2.3.0.v20160216-1255.jar:na]
	at org.eclipse.recommenders.internal.models.rcp.DownloadModelArchiveJob.run(DownloadModelArchiveJob.java:76) [org.eclipse.recommenders.models.rcp_2.3.0.v20160216-1255.jar:na]
	at org.eclipse.core.internal.jobs.Worker.run(Worker.java:55) [org.eclipse.core.jobs_3.7.0.v20150330-2103.jar:na]
Caused by: org.eclipse.aether.transfer.ArtifactNotFoundException: Could not find artifact org.eclipse.recommenders:index:zip:0.0.0-SNAPSHOT in models (http://download.eclipse.org/recommenders/models/mars/)
	at org.eclipse.aether.connector.basic.ArtifactTransportListener.transferFailed(ArtifactTransportListener.java:39) ~[org.eclipse.aether.connector.basic_1.0.1.v20141111.jar:na]
	at org.eclipse.aether.connector.basic.BasicRepositoryConnector$TaskRunner.run(BasicRepositoryConnector.java:355) ~[org.eclipse.aether.connector.basic_1.0.1.v20141111.jar:na]
	at org.eclipse.aether.util.concurrency.RunnableErrorForwarder$1.run(RunnableErrorForwarder.java:67) ~[na:na]
	at org.eclipse.aether.connector.basic.BasicRepositoryConnector$DirectExecutor.execute(BasicRepositoryConnector.java:581) ~[org.eclipse.aether.connector.basic_1.0.1.v20141111.jar:na]
	at org.eclipse.aether.connector.basic.BasicRepositoryConnector.get(BasicRepositoryConnector.java:249) ~[org.eclipse.aether.connector.basic_1.0.1.v20141111.jar:na]
	at org.eclipse.aether.internal.impl.DefaultArtifactResolver.performDownloads(DefaultArtifactResolver.java:520) ~[na:na]
	at org.eclipse.aether.internal.impl.DefaultArtifactResolver.resolve(DefaultArtifactResolver.java:421) ~[na:na]
	... 8 common frames omitted
2024-06-21 09:16:08,978 [Worker-32] INFO  o.e.m.c.i.embedder.EclipseLogger - Using 'UTF-8' encoding to copy filtered resources.
2024-06-21 09:16:08,979 [Worker-32] INFO  o.e.m.c.i.embedder.EclipseLogger - Copying 1 resource
2024-06-21 09:16:08,981 [Worker-32] INFO  o.e.m.c.i.embedder.EclipseLogger - Using 'UTF-8' encoding to copy filtered resources.
2024-06-21 09:16:08,981 [Worker-32] INFO  o.e.m.c.i.embedder.EclipseLogger - skip non existing resourceDirectory C:\Users\N\OneDrive\Escritorio\LP II\CL2Incacutipa\LPII_CL2_IncacutipaNinfa\src\test\resources
2024-06-21 09:16:52,240 [Worker-27] INFO  o.e.m.c.i.embedder.EclipseLogger - Using 'UTF-8' encoding to copy filtered resources.
2024-06-21 09:16:52,242 [Worker-27] INFO  o.e.m.c.i.embedder.EclipseLogger - Copying 1 resource
2024-06-21 09:16:52,244 [Worker-27] INFO  o.e.m.c.i.embedder.EclipseLogger - Using 'UTF-8' encoding to copy filtered resources.
2024-06-21 09:16:52,244 [Worker-27] INFO  o.e.m.c.i.embedder.EclipseLogger - skip non existing resourceDirectory C:\Users\N\OneDrive\Escritorio\LP II\CL2Incacutipa\LPII_CL2_IncacutipaNinfa\src\test\resources
2024-06-21 09:20:01,115 [Worker-27] INFO  o.e.m.c.i.embedder.EclipseLogger - Using 'UTF-8' encoding to copy filtered resources.
2024-06-21 09:20:01,117 [Worker-27] INFO  o.e.m.c.i.embedder.EclipseLogger - Copying 1 resource
2024-06-21 09:20:01,119 [Worker-27] INFO  o.e.m.c.i.embedder.EclipseLogger - Using 'UTF-8' encoding to copy filtered resources.
2024-06-21 09:20:01,120 [Worker-27] INFO  o.e.m.c.i.embedder.EclipseLogger - skip non existing resourceDirectory C:\Users\N\OneDrive\Escritorio\LP II\CL2Incacutipa\LPII_CL2_IncacutipaNinfa\src\test\resources
2024-06-21 09:40:58,481 [Worker-43] INFO  o.e.m.c.i.embedder.EclipseLogger - Using 'UTF-8' encoding to copy filtered resources.
2024-06-21 09:40:58,482 [Worker-43] INFO  o.e.m.c.i.embedder.EclipseLogger - Copying 1 resource
2024-06-21 09:40:58,483 [Worker-43] INFO  o.e.m.c.i.embedder.EclipseLogger - Using 'UTF-8' encoding to copy filtered resources.
2024-06-21 09:40:58,484 [Worker-43] INFO  o.e.m.c.i.embedder.EclipseLogger - skip non existing resourceDirectory C:\Users\N\OneDrive\Escritorio\LP II\CL2Incacutipa\LPII_CL2_IncacutipaNinfa\src\test\resources
2024-06-21 10:05:07,081 [Worker-53] INFO  o.e.m.c.i.embedder.EclipseLogger - Using 'UTF-8' encoding to copy filtered resources.
2024-06-21 10:05:07,082 [Worker-53] INFO  o.e.m.c.i.embedder.EclipseLogger - Copying 1 resource
2024-06-21 10:05:07,083 [Worker-53] INFO  o.e.m.c.i.embedder.EclipseLogger - Using 'UTF-8' encoding to copy filtered resources.
2024-06-21 10:05:07,083 [Worker-53] INFO  o.e.m.c.i.embedder.EclipseLogger - skip non existing resourceDirectory C:\Users\N\OneDrive\Escritorio\LP II\CL2Incacutipa\LPII_CL2_IncacutipaNinfa\src\test\resources
2024-06-21 10:09:07,094 [Worker-46] INFO  o.e.m.c.i.embedder.EclipseLogger - Using 'UTF-8' encoding to copy filtered resources.
2024-06-21 10:09:07,094 [Worker-46] INFO  o.e.m.c.i.embedder.EclipseLogger - Copying 1 resource
2024-06-21 10:09:07,098 [Worker-46] INFO  o.e.m.c.i.embedder.EclipseLogger - Using 'UTF-8' encoding to copy filtered resources.
2024-06-21 10:09:07,098 [Worker-46] INFO  o.e.m.c.i.embedder.EclipseLogger - skip non existing resourceDirectory C:\Users\N\OneDrive\Escritorio\LP II\CL2Incacutipa\LPII_CL2_IncacutipaNinfa\src\test\resources
2024-06-21 10:11:24,154 [Worker-55] INFO  o.e.m.c.i.embedder.EclipseLogger - Using 'UTF-8' encoding to copy filtered resources.
2024-06-21 10:11:24,154 [Worker-55] INFO  o.e.m.c.i.embedder.EclipseLogger - Copying 1 resource
2024-06-21 10:11:24,157 [Worker-55] INFO  o.e.m.c.i.embedder.EclipseLogger - Using 'UTF-8' encoding to copy filtered resources.
2024-06-21 10:11:24,158 [Worker-55] INFO  o.e.m.c.i.embedder.EclipseLogger - skip non existing resourceDirectory C:\Users\N\OneDrive\Escritorio\LP II\CL2Incacutipa\LPII_CL2_IncacutipaNinfa\src\test\resources
2024-06-21 10:11:33,660 [Worker-46] INFO  o.e.m.c.i.p.ProjectConfigurationManager - Update started
2024-06-21 10:11:34,234 [Worker-46] INFO  o.e.m.c.i.l.LifecycleMappingFactory - Using org.maven.ide.eclipse.wtp.WarLifecycleMapping lifecycle mapping for MavenProject: jpa.cibertec:LPII_CL2_IncacutipaNinfa:0.0.1-SNAPSHOT @ C:\Users\N\OneDrive\Escritorio\LP II\CL2Incacutipa\LPII_CL2_IncacutipaNinfa\pom.xml.
2024-06-21 10:11:35,500 [Worker-46] INFO  o.e.m.j.i.AbstractJavaProjectConfigurator - Adding source folder /LPII_CL2_IncacutipaNinfa/src/main/java
2024-06-21 10:11:35,501 [Worker-46] INFO  o.e.m.j.i.AbstractJavaProjectConfigurator - Adding resource folder /LPII_CL2_IncacutipaNinfa/src/main/resources
2024-06-21 10:11:35,527 [Worker-46] INFO  o.e.m.j.i.AbstractJavaProjectConfigurator - Adding source folder /LPII_CL2_IncacutipaNinfa/src/test/java
2024-06-21 10:11:36,382 [Worker-46] INFO  o.e.m.w.i.f.ResourceFilteringBuildParticipant - Cleaning filtered folder for LPII_CL2_IncacutipaNinfa
2024-06-21 10:11:36,387 [Worker-46] INFO  o.e.m.c.i.p.ProjectConfigurationManager - Update completed: 2 sec
2024-06-21 10:11:37,308 [Worker-52] INFO  o.e.m.c.i.embedder.EclipseLogger - Using 'UTF-8' encoding to copy filtered resources.
2024-06-21 10:11:37,309 [Worker-52] INFO  o.e.m.c.i.embedder.EclipseLogger - Copying 1 resource
2024-06-21 10:11:37,318 [Worker-52] INFO  o.e.m.c.i.embedder.EclipseLogger - Using 'UTF-8' encoding to copy filtered resources.
2024-06-21 10:11:37,318 [Worker-52] INFO  o.e.m.c.i.embedder.EclipseLogger - skip non existing resourceDirectory C:\Users\N\OneDrive\Escritorio\LP II\CL2Incacutipa\LPII_CL2_IncacutipaNinfa\src\test\resources
2024-06-21 10:11:37,318 [Worker-52] INFO  o.e.m.w.i.f.ResourceFilteringBuildParticipant - Changed resources require a complete clean of filtered resources of LPII_CL2_IncacutipaNinfa
2024-06-21 10:11:37,319 [Worker-52] INFO  o.e.m.w.i.f.ResourceFilteringBuildParticipant - Executing resource filtering for LPII_CL2_IncacutipaNinfa
2024-06-21 10:11:37,323 [Worker-52] INFO  o.e.m.c.i.embedder.EclipseLogger - Using 'UTF-8' encoding to copy filtered resources.
2024-06-21 10:12:16,253 [Worker-57] INFO  o.e.m.c.i.embedder.EclipseLogger - Using 'UTF-8' encoding to copy filtered resources.
2024-06-21 10:12:16,255 [Worker-57] INFO  o.e.m.c.i.embedder.EclipseLogger - Copying 0 resource
2024-06-21 10:12:16,256 [Worker-57] INFO  o.e.m.c.i.embedder.EclipseLogger - Using 'UTF-8' encoding to copy filtered resources.
2024-06-21 10:12:16,257 [Worker-57] INFO  o.e.m.c.i.embedder.EclipseLogger - skip non existing resourceDirectory C:\Users\N\OneDrive\Escritorio\LP II\CL2Incacutipa\LPII_CL2_IncacutipaNinfa\src\test\resources
2024-06-21 10:12:38,207 [Worker-56] INFO  o.e.m.c.i.p.ProjectConfigurationManager - Update started
2024-06-21 10:12:38,580 [Worker-56] INFO  o.e.m.c.i.l.LifecycleMappingFactory - Using org.maven.ide.eclipse.wtp.WarLifecycleMapping lifecycle mapping for MavenProject: jpa.cibertec:LPII_CL2_IncacutipaNinfa:0.0.1-SNAPSHOT @ C:\Users\N\OneDrive\Escritorio\LP II\CL2Incacutipa\LPII_CL2_IncacutipaNinfa\pom.xml.
2024-06-21 10:12:39,626 [Worker-56] INFO  o.e.m.j.i.AbstractJavaProjectConfigurator - Adding source folder /LPII_CL2_IncacutipaNinfa/src/main/java
2024-06-21 10:12:39,626 [Worker-56] INFO  o.e.m.j.i.AbstractJavaProjectConfigurator - Adding resource folder /LPII_CL2_IncacutipaNinfa/src/main/resources
2024-06-21 10:12:39,627 [Worker-56] INFO  o.e.m.j.i.AbstractJavaProjectConfigurator - Adding source folder /LPII_CL2_IncacutipaNinfa/src/test/java
2024-06-21 10:12:40,552 [Worker-56] INFO  o.e.m.w.i.f.ResourceFilteringBuildParticipant - Cleaning filtered folder for LPII_CL2_IncacutipaNinfa
2024-06-21 10:12:40,555 [Worker-56] INFO  o.e.m.c.i.p.ProjectConfigurationManager - Update completed: 2 sec
2024-06-21 10:12:41,249 [Worker-54] INFO  o.e.m.c.i.embedder.EclipseLogger - Using 'UTF-8' encoding to copy filtered resources.
2024-06-21 10:12:41,249 [Worker-54] INFO  o.e.m.c.i.embedder.EclipseLogger - Copying 0 resource
2024-06-21 10:12:41,251 [Worker-54] INFO  o.e.m.c.i.embedder.EclipseLogger - Using 'UTF-8' encoding to copy filtered resources.
2024-06-21 10:12:41,251 [Worker-54] INFO  o.e.m.c.i.embedder.EclipseLogger - skip non existing resourceDirectory C:\Users\N\OneDrive\Escritorio\LP II\CL2Incacutipa\LPII_CL2_IncacutipaNinfa\src\test\resources
2024-06-21 10:12:41,252 [Worker-54] INFO  o.e.m.w.i.f.ResourceFilteringBuildParticipant - Changed resources require a complete clean of filtered resources of LPII_CL2_IncacutipaNinfa
2024-06-21 10:12:41,252 [Worker-54] INFO  o.e.m.w.i.f.ResourceFilteringBuildParticipant - Executing resource filtering for LPII_CL2_IncacutipaNinfa
2024-06-21 10:12:41,255 [Worker-54] INFO  o.e.m.c.i.embedder.EclipseLogger - Using 'UTF-8' encoding to copy filtered resources.
2024-06-21 10:13:04,003 [Worker-46] INFO  o.e.m.c.i.embedder.EclipseLogger - Using 'UTF-8' encoding to copy filtered resources.
2024-06-21 10:13:04,005 [Worker-46] INFO  o.e.m.c.i.embedder.EclipseLogger - Copying 0 resource
2024-06-21 10:13:04,007 [Worker-46] INFO  o.e.m.c.i.embedder.EclipseLogger - Using 'UTF-8' encoding to copy filtered resources.
2024-06-21 10:13:04,007 [Worker-46] INFO  o.e.m.c.i.embedder.EclipseLogger - skip non existing resourceDirectory C:\Users\N\OneDrive\Escritorio\LP II\CL2Incacutipa\LPII_CL2_IncacutipaNinfa\src\test\resources
2024-06-21 10:13:22,398 [Worker-54] INFO  o.e.m.c.i.embedder.EclipseLogger - Using 'UTF-8' encoding to copy filtered resources.
2024-06-21 10:13:22,399 [Worker-54] INFO  o.e.m.c.i.embedder.EclipseLogger - Copying 1 resource
2024-06-21 10:13:22,408 [Worker-54] INFO  o.e.m.c.i.embedder.EclipseLogger - Using 'UTF-8' encoding to copy filtered resources.
2024-06-21 10:13:22,409 [Worker-54] INFO  o.e.m.c.i.embedder.EclipseLogger - skip non existing resourceDirectory C:\Users\N\OneDrive\Escritorio\LP II\CL2Incacutipa\LPII_CL2_IncacutipaNinfa\src\test\resources
2024-06-21 10:13:30,578 [Worker-60] INFO  o.e.m.c.i.embedder.EclipseLogger - Using 'UTF-8' encoding to copy filtered resources.
2024-06-21 10:13:30,578 [Worker-60] INFO  o.e.m.c.i.embedder.EclipseLogger - Copying 1 resource
2024-06-21 10:13:30,579 [Worker-60] INFO  o.e.m.c.i.embedder.EclipseLogger - Using 'UTF-8' encoding to copy filtered resources.
2024-06-21 10:13:30,580 [Worker-60] INFO  o.e.m.c.i.embedder.EclipseLogger - skip non existing resourceDirectory C:\Users\N\OneDrive\Escritorio\LP II\CL2Incacutipa\LPII_CL2_IncacutipaNinfa\src\test\resources
2024-06-21 10:13:39,193 [Worker-56] INFO  o.e.m.c.i.p.ProjectConfigurationManager - Update started
2024-06-21 10:13:39,532 [Worker-56] INFO  o.e.m.c.i.l.LifecycleMappingFactory - Using org.maven.ide.eclipse.wtp.WarLifecycleMapping lifecycle mapping for MavenProject: jpa.cibertec:LPII_CL2_IncacutipaNinfa:0.0.1-SNAPSHOT @ C:\Users\N\OneDrive\Escritorio\LP II\CL2Incacutipa\LPII_CL2_IncacutipaNinfa\pom.xml.
2024-06-21 10:13:40,490 [Worker-56] INFO  o.e.m.j.i.AbstractJavaProjectConfigurator - Adding source folder /LPII_CL2_IncacutipaNinfa/src/main/java
2024-06-21 10:13:40,491 [Worker-56] INFO  o.e.m.j.i.AbstractJavaProjectConfigurator - Adding resource folder /LPII_CL2_IncacutipaNinfa/src/main/resources
2024-06-21 10:13:40,491 [Worker-56] INFO  o.e.m.j.i.AbstractJavaProjectConfigurator - Adding source folder /LPII_CL2_IncacutipaNinfa/src/test/java
2024-06-21 10:13:41,143 [Worker-56] INFO  o.e.m.w.i.f.ResourceFilteringBuildParticipant - Cleaning filtered folder for LPII_CL2_IncacutipaNinfa
2024-06-21 10:13:41,147 [Worker-56] INFO  o.e.m.c.i.p.ProjectConfigurationManager - Update completed: 1 sec
2024-06-21 10:13:41,925 [Worker-46] INFO  o.e.m.c.i.embedder.EclipseLogger - Using 'UTF-8' encoding to copy filtered resources.
2024-06-21 10:13:41,926 [Worker-46] INFO  o.e.m.c.i.embedder.EclipseLogger - Copying 1 resource
2024-06-21 10:13:41,933 [Worker-46] INFO  o.e.m.c.i.embedder.EclipseLogger - Using 'UTF-8' encoding to copy filtered resources.
2024-06-21 10:13:41,933 [Worker-46] INFO  o.e.m.c.i.embedder.EclipseLogger - skip non existing resourceDirectory C:\Users\N\OneDrive\Escritorio\LP II\CL2Incacutipa\LPII_CL2_IncacutipaNinfa\src\test\resources
2024-06-21 10:13:41,934 [Worker-46] INFO  o.e.m.w.i.f.ResourceFilteringBuildParticipant - Changed resources require a complete clean of filtered resources of LPII_CL2_IncacutipaNinfa
2024-06-21 10:13:41,934 [Worker-46] INFO  o.e.m.w.i.f.ResourceFilteringBuildParticipant - Executing resource filtering for LPII_CL2_IncacutipaNinfa
2024-06-21 10:13:41,938 [Worker-46] INFO  o.e.m.c.i.embedder.EclipseLogger - Using 'UTF-8' encoding to copy filtered resources.
2024-06-21 10:15:02,315 [Worker-60] INFO  o.e.m.c.i.embedder.EclipseLogger - Using 'UTF-8' encoding to copy filtered resources.
2024-06-21 10:15:02,317 [Worker-60] INFO  o.e.m.c.i.embedder.EclipseLogger - Copying 1 resource
2024-06-21 10:15:02,318 [Worker-60] INFO  o.e.m.c.i.embedder.EclipseLogger - Using 'UTF-8' encoding to copy filtered resources.
2024-06-21 10:15:02,318 [Worker-60] INFO  o.e.m.c.i.embedder.EclipseLogger - skip non existing resourceDirectory C:\Users\N\OneDrive\Escritorio\LP II\CL2Incacutipa\LPII_CL2_IncacutipaNinfa\src\test\resources
2024-06-21 10:15:11,836 [Worker-62] INFO  o.e.m.c.i.embedder.EclipseLogger - Using 'UTF-8' encoding to copy filtered resources.
2024-06-21 10:15:11,837 [Worker-62] INFO  o.e.m.c.i.embedder.EclipseLogger - Copying 1 resource
2024-06-21 10:15:11,838 [Worker-62] INFO  o.e.m.c.i.embedder.EclipseLogger - Using 'UTF-8' encoding to copy filtered resources.
2024-06-21 10:15:11,838 [Worker-62] INFO  o.e.m.c.i.embedder.EclipseLogger - skip non existing resourceDirectory C:\Users\N\OneDrive\Escritorio\LP II\CL2Incacutipa\LPII_CL2_IncacutipaNinfa\src\test\resources
2024-06-21 10:15:38,754 [Worker-55] INFO  o.e.m.c.i.embedder.EclipseLogger - Using 'UTF-8' encoding to copy filtered resources.
2024-06-21 10:15:38,755 [Worker-55] INFO  o.e.m.c.i.embedder.EclipseLogger - Copying 1 resource
2024-06-21 10:15:38,756 [Worker-55] INFO  o.e.m.c.i.embedder.EclipseLogger - Using 'UTF-8' encoding to copy filtered resources.
2024-06-21 10:15:38,756 [Worker-55] INFO  o.e.m.c.i.embedder.EclipseLogger - skip non existing resourceDirectory C:\Users\N\OneDrive\Escritorio\LP II\CL2Incacutipa\LPII_CL2_IncacutipaNinfa\src\test\resources
2024-06-21 10:16:29,418 [Worker-57] INFO  o.e.m.c.i.embedder.EclipseLogger - Using 'UTF-8' encoding to copy filtered resources.
2024-06-21 10:16:29,419 [Worker-57] INFO  o.e.m.c.i.embedder.EclipseLogger - Copying 0 resource
2024-06-21 10:16:29,420 [Worker-57] INFO  o.e.m.c.i.embedder.EclipseLogger - Using 'UTF-8' encoding to copy filtered resources.
2024-06-21 10:16:29,420 [Worker-57] INFO  o.e.m.c.i.embedder.EclipseLogger - skip non existing resourceDirectory C:\Users\N\OneDrive\Escritorio\LP II\CL2Incacutipa\LPII_CL2_IncacutipaNinfa\src\test\resources
2024-06-21 10:16:46,388 [Worker-62] INFO  o.e.m.c.i.embedder.EclipseLogger - Using 'UTF-8' encoding to copy filtered resources.
2024-06-21 10:16:46,389 [Worker-62] INFO  o.e.m.c.i.embedder.EclipseLogger - Copying 0 resource
2024-06-21 10:16:46,391 [Worker-62] INFO  o.e.m.c.i.embedder.EclipseLogger - Using 'UTF-8' encoding to copy filtered resources.
2024-06-21 10:16:46,391 [Worker-62] INFO  o.e.m.c.i.embedder.EclipseLogger - skip non existing resourceDirectory C:\Users\N\OneDrive\Escritorio\LP II\CL2Incacutipa\LPII_CL2_IncacutipaNinfa\src\test\resources
2024-06-21 10:16:54,269 [Worker-55] INFO  o.e.m.c.i.embedder.EclipseLogger - Using 'UTF-8' encoding to copy filtered resources.
2024-06-21 10:16:54,269 [Worker-55] INFO  o.e.m.c.i.embedder.EclipseLogger - Copying 0 resource
2024-06-21 10:16:54,271 [Worker-55] INFO  o.e.m.c.i.embedder.EclipseLogger - Using 'UTF-8' encoding to copy filtered resources.
2024-06-21 10:16:54,271 [Worker-55] INFO  o.e.m.c.i.embedder.EclipseLogger - skip non existing resourceDirectory C:\Users\N\OneDrive\Escritorio\LP II\CL2Incacutipa\LPII_CL2_IncacutipaNinfa\src\test\resources
2024-06-21 10:17:25,071 [Worker-58] INFO  o.e.m.c.i.embedder.EclipseLogger - Using 'UTF-8' encoding to copy filtered resources.
2024-06-21 10:17:25,075 [Worker-58] INFO  o.e.m.c.i.embedder.EclipseLogger - Copying 0 resource
2024-06-21 10:17:25,076 [Worker-58] INFO  o.e.m.c.i.embedder.EclipseLogger - Using 'UTF-8' encoding to copy filtered resources.
2024-06-21 10:17:25,077 [Worker-58] INFO  o.e.m.c.i.embedder.EclipseLogger - skip non existing resourceDirectory C:\Users\N\OneDrive\Escritorio\LP II\CL2Incacutipa\LPII_CL2_IncacutipaNinfa\src\test\resources
2024-06-21 10:19:34,366 [Worker-55] INFO  o.e.m.c.i.embedder.EclipseLogger - Using 'UTF-8' encoding to copy filtered resources.
2024-06-21 10:19:34,367 [Worker-55] INFO  o.e.m.c.i.embedder.EclipseLogger - Copying 1 resource
2024-06-21 10:19:34,368 [Worker-55] INFO  o.e.m.c.i.embedder.EclipseLogger - Using 'UTF-8' encoding to copy filtered resources.
2024-06-21 10:19:34,368 [Worker-55] INFO  o.e.m.c.i.embedder.EclipseLogger - skip non existing resourceDirectory C:\Users\N\OneDrive\Escritorio\LP II\CL2Incacutipa\LPII_CL2_IncacutipaNinfa\src\test\resources
2024-06-21 10:21:15,127 [Worker-64] INFO  o.e.m.c.i.embedder.EclipseLogger - Using 'UTF-8' encoding to copy filtered resources.
2024-06-21 10:21:15,128 [Worker-64] INFO  o.e.m.c.i.embedder.EclipseLogger - Copying 1 resource
2024-06-21 10:21:15,130 [Worker-64] INFO  o.e.m.c.i.embedder.EclipseLogger - Using 'UTF-8' encoding to copy filtered resources.
2024-06-21 10:21:15,130 [Worker-64] INFO  o.e.m.c.i.embedder.EclipseLogger - skip non existing resourceDirectory C:\Users\N\OneDrive\Escritorio\LP II\CL2Incacutipa\LPII_CL2_IncacutipaNinfa\src\test\resources
2024-06-21 10:22:37,679 [Worker-57] INFO  o.e.m.c.i.embedder.EclipseLogger - Using 'UTF-8' encoding to copy filtered resources.
2024-06-21 10:22:37,681 [Worker-57] INFO  o.e.m.c.i.embedder.EclipseLogger - Copying 1 resource
2024-06-21 10:22:37,682 [Worker-57] INFO  o.e.m.c.i.embedder.EclipseLogger - Using 'UTF-8' encoding to copy filtered resources.
2024-06-21 10:22:37,683 [Worker-57] INFO  o.e.m.c.i.embedder.EclipseLogger - skip non existing resourceDirectory C:\Users\N\OneDrive\Escritorio\LP II\CL2Incacutipa\LPII_CL2_IncacutipaNinfa\src\test\resources
2024-06-21 10:23:18,723 [Worker-57] INFO  o.e.m.c.i.embedder.EclipseLogger - Using 'UTF-8' encoding to copy filtered resources.
2024-06-21 10:23:18,724 [Worker-57] INFO  o.e.m.c.i.embedder.EclipseLogger - Copying 1 resource
2024-06-21 10:23:18,725 [Worker-57] INFO  o.e.m.c.i.embedder.EclipseLogger - Using 'UTF-8' encoding to copy filtered resources.
2024-06-21 10:23:18,725 [Worker-57] INFO  o.e.m.c.i.embedder.EclipseLogger - skip non existing resourceDirectory C:\Users\N\OneDrive\Escritorio\LP II\CL2Incacutipa\LPII_CL2_IncacutipaNinfa\src\test\resources
2024-06-21 10:27:27,912 [Worker-60] INFO  o.e.m.c.i.embedder.EclipseLogger - Using 'UTF-8' encoding to copy filtered resources.
2024-06-21 10:27:27,913 [Worker-60] INFO  o.e.m.c.i.embedder.EclipseLogger - Copying 1 resource
2024-06-21 10:27:27,914 [Worker-60] INFO  o.e.m.c.i.embedder.EclipseLogger - Using 'UTF-8' encoding to copy filtered resources.
2024-06-21 10:27:27,915 [Worker-60] INFO  o.e.m.c.i.embedder.EclipseLogger - skip non existing resourceDirectory C:\Users\N\OneDrive\Escritorio\LP II\CL2Incacutipa\LPII_CL2_IncacutipaNinfa\src\test\resources
2024-06-21 10:28:16,551 [Worker-65] INFO  o.e.m.c.i.embedder.EclipseLogger - Using 'UTF-8' encoding to copy filtered resources.
2024-06-21 10:28:16,552 [Worker-65] INFO  o.e.m.c.i.embedder.EclipseLogger - Copying 1 resource
2024-06-21 10:28:16,554 [Worker-65] INFO  o.e.m.c.i.embedder.EclipseLogger - Using 'UTF-8' encoding to copy filtered resources.
2024-06-21 10:28:16,554 [Worker-65] INFO  o.e.m.c.i.embedder.EclipseLogger - skip non existing resourceDirectory C:\Users\N\OneDrive\Escritorio\LP II\CL2Incacutipa\LPII_CL2_IncacutipaNinfa\src\test\resources
2024-06-21 10:29:15,647 [Worker-60] INFO  o.e.m.c.i.embedder.EclipseLogger - Using 'UTF-8' encoding to copy filtered resources.
2024-06-21 10:29:15,650 [Worker-60] INFO  o.e.m.c.i.embedder.EclipseLogger - Copying 1 resource
2024-06-21 10:29:15,652 [Worker-60] INFO  o.e.m.c.i.embedder.EclipseLogger - Using 'UTF-8' encoding to copy filtered resources.
2024-06-21 10:29:15,653 [Worker-60] INFO  o.e.m.c.i.embedder.EclipseLogger - skip non existing resourceDirectory C:\Users\N\OneDrive\Escritorio\LP II\CL2Incacutipa\LPII_CL2_IncacutipaNinfa\src\test\resources
2024-06-21 10:32:42,559 [Worker-62] INFO  o.e.m.c.i.embedder.EclipseLogger - Using 'UTF-8' encoding to copy filtered resources.
2024-06-21 10:32:42,560 [Worker-62] INFO  o.e.m.c.i.embedder.EclipseLogger - Copying 1 resource
2024-06-21 10:32:42,563 [Worker-62] INFO  o.e.m.c.i.embedder.EclipseLogger - Using 'UTF-8' encoding to copy filtered resources.
2024-06-21 10:32:42,564 [Worker-62] INFO  o.e.m.c.i.embedder.EclipseLogger - skip non existing resourceDirectory C:\Users\N\OneDrive\Escritorio\LP II\CL2Incacutipa\LPII_CL2_IncacutipaNinfa\src\test\resources
2024-06-21 10:37:23,157 [Worker-65] INFO  o.e.m.c.i.embedder.EclipseLogger - Using 'UTF-8' encoding to copy filtered resources.
2024-06-21 10:37:23,160 [Worker-65] INFO  o.e.m.c.i.embedder.EclipseLogger - Copying 1 resource
2024-06-21 10:37:23,162 [Worker-65] INFO  o.e.m.c.i.embedder.EclipseLogger - Using 'UTF-8' encoding to copy filtered resources.
2024-06-21 10:37:23,162 [Worker-65] INFO  o.e.m.c.i.embedder.EclipseLogger - skip non existing resourceDirectory C:\Users\N\OneDrive\Escritorio\LP II\CL2Incacutipa\LPII_CL2_IncacutipaNinfa\src\test\resources
2024-06-21 10:42:47,476 [Worker-57] INFO  o.e.m.c.i.embedder.EclipseLogger - Using 'UTF-8' encoding to copy filtered resources.
2024-06-21 10:42:47,477 [Worker-57] INFO  o.e.m.c.i.embedder.EclipseLogger - Copying 0 resource
2024-06-21 10:42:47,479 [Worker-57] INFO  o.e.m.c.i.embedder.EclipseLogger - Using 'UTF-8' encoding to copy filtered resources.
2024-06-21 10:42:47,479 [Worker-57] INFO  o.e.m.c.i.embedder.EclipseLogger - skip non existing resourceDirectory C:\Users\N\OneDrive\Escritorio\LP II\CL2Incacutipa\LPII_CL2_IncacutipaNinfa\src\test\resources
2024-06-21 10:43:33,417 [Worker-65] INFO  o.e.m.c.i.l.LifecycleMappingFactory - Using org.maven.ide.eclipse.wtp.WarLifecycleMapping lifecycle mapping for MavenProject: jpa.cibertec:LPII_CL2_IncacutipaNinfa:0.0.1-SNAPSHOT @ C:\Users\N\OneDrive\Escritorio\LP II\CL2Incacutipa\LPII_CL2_IncacutipaNinfa\pom.xml.
2024-06-21 10:43:34,712 [Worker-65] INFO  o.e.m.c.i.embedder.EclipseLogger - Using 'UTF-8' encoding to copy filtered resources.
2024-06-21 10:43:34,713 [Worker-65] INFO  o.e.m.c.i.embedder.EclipseLogger - Copying 0 resource
2024-06-21 10:43:34,715 [Worker-65] INFO  o.e.m.c.i.embedder.EclipseLogger - Using 'UTF-8' encoding to copy filtered resources.
2024-06-21 10:43:34,715 [Worker-65] INFO  o.e.m.c.i.embedder.EclipseLogger - skip non existing resourceDirectory C:\Users\N\OneDrive\Escritorio\LP II\CL2Incacutipa\LPII_CL2_IncacutipaNinfa\src\test\resources
2024-06-21 10:43:34,715 [Worker-65] INFO  o.e.m.w.i.f.ResourceFilteringBuildParticipant - Changed resources require a complete clean of filtered resources of LPII_CL2_IncacutipaNinfa
2024-06-21 10:43:34,715 [Worker-65] INFO  o.e.m.w.i.f.ResourceFilteringBuildParticipant - Executing resource filtering for LPII_CL2_IncacutipaNinfa
2024-06-21 10:43:34,717 [Worker-65] INFO  o.e.m.c.i.embedder.EclipseLogger - Using 'UTF-8' encoding to copy filtered resources.
2024-06-21 10:43:36,405 [Worker-67] INFO  o.e.m.c.i.embedder.EclipseLogger - Using 'UTF-8' encoding to copy filtered resources.
2024-06-21 10:43:36,406 [Worker-67] INFO  o.e.m.c.i.embedder.EclipseLogger - Copying 1 resource
2024-06-21 10:43:36,416 [Worker-67] INFO  o.e.m.c.i.embedder.EclipseLogger - Using 'UTF-8' encoding to copy filtered resources.
2024-06-21 10:43:36,416 [Worker-67] INFO  o.e.m.c.i.embedder.EclipseLogger - skip non existing resourceDirectory C:\Users\N\OneDrive\Escritorio\LP II\CL2Incacutipa\LPII_CL2_IncacutipaNinfa\src\test\resources
2024-06-21 10:43:41,170 [Worker-57] INFO  o.e.m.c.i.p.ProjectConfigurationManager - Update started
2024-06-21 10:43:41,588 [Worker-57] INFO  o.e.m.c.i.l.LifecycleMappingFactory - Using org.maven.ide.eclipse.wtp.WarLifecycleMapping lifecycle mapping for MavenProject: jpa.cibertec:LPII_CL2_IncacutipaNinfa:0.0.1-SNAPSHOT @ C:\Users\N\OneDrive\Escritorio\LP II\CL2Incacutipa\LPII_CL2_IncacutipaNinfa\pom.xml.
2024-06-21 10:43:42,863 [Worker-57] INFO  o.e.m.j.i.AbstractJavaProjectConfigurator - Adding source folder /LPII_CL2_IncacutipaNinfa/src/main/java
2024-06-21 10:43:42,864 [Worker-57] INFO  o.e.m.j.i.AbstractJavaProjectConfigurator - Adding resource folder /LPII_CL2_IncacutipaNinfa/src/main/resources
2024-06-21 10:43:42,865 [Worker-57] INFO  o.e.m.j.i.AbstractJavaProjectConfigurator - Adding source folder /LPII_CL2_IncacutipaNinfa/src/test/java
2024-06-21 10:43:43,703 [Worker-57] INFO  o.e.m.w.i.f.ResourceFilteringBuildParticipant - Cleaning filtered folder for LPII_CL2_IncacutipaNinfa
2024-06-21 10:43:43,707 [Worker-57] INFO  o.e.m.c.i.p.ProjectConfigurationManager - Update completed: 2 sec
2024-06-21 10:43:44,864 [Worker-74] INFO  o.e.m.c.i.embedder.EclipseLogger - Using 'UTF-8' encoding to copy filtered resources.
2024-06-21 10:43:44,864 [Worker-74] INFO  o.e.m.c.i.embedder.EclipseLogger - Copying 1 resource
2024-06-21 10:43:44,874 [Worker-74] INFO  o.e.m.c.i.embedder.EclipseLogger - Using 'UTF-8' encoding to copy filtered resources.
2024-06-21 10:43:44,875 [Worker-74] INFO  o.e.m.c.i.embedder.EclipseLogger - skip non existing resourceDirectory C:\Users\N\OneDrive\Escritorio\LP II\CL2Incacutipa\LPII_CL2_IncacutipaNinfa\src\test\resources
2024-06-21 10:43:44,875 [Worker-74] INFO  o.e.m.w.i.f.ResourceFilteringBuildParticipant - Changed resources require a complete clean of filtered resources of LPII_CL2_IncacutipaNinfa
2024-06-21 10:43:44,875 [Worker-74] INFO  o.e.m.w.i.f.ResourceFilteringBuildParticipant - Executing resource filtering for LPII_CL2_IncacutipaNinfa
2024-06-21 10:43:44,877 [Worker-74] INFO  o.e.m.c.i.embedder.EclipseLogger - Using 'UTF-8' encoding to copy filtered resources.
2024-06-21 10:44:50,922 [Worker-68] INFO  o.e.m.c.i.embedder.EclipseLogger - Using 'UTF-8' encoding to copy filtered resources.
2024-06-21 10:44:50,926 [Worker-68] INFO  o.e.m.c.i.embedder.EclipseLogger - Copying 1 resource
2024-06-21 10:44:50,927 [Worker-68] INFO  o.e.m.c.i.embedder.EclipseLogger - Using 'UTF-8' encoding to copy filtered resources.
2024-06-21 10:44:50,927 [Worker-68] INFO  o.e.m.c.i.embedder.EclipseLogger - skip non existing resourceDirectory C:\Users\N\OneDrive\Escritorio\LP II\CL2Incacutipa\LPII_CL2_IncacutipaNinfa\src\test\resources
2024-06-21 10:55:53,231 [Worker-60] INFO  o.e.m.c.i.embedder.EclipseLogger - Using 'UTF-8' encoding to copy filtered resources.
2024-06-21 10:55:53,233 [Worker-60] INFO  o.e.m.c.i.embedder.EclipseLogger - Copying 1 resource
2024-06-21 10:55:53,235 [Worker-60] INFO  o.e.m.c.i.embedder.EclipseLogger - Using 'UTF-8' encoding to copy filtered resources.
2024-06-21 10:55:53,235 [Worker-60] INFO  o.e.m.c.i.embedder.EclipseLogger - skip non existing resourceDirectory C:\Users\N\OneDrive\Escritorio\LP II\CL2Incacutipa\LPII_CL2_IncacutipaNinfa\src\test\resources
2024-06-21 10:57:07,687 [Worker-69] INFO  o.e.m.c.i.embedder.EclipseLogger - Using 'UTF-8' encoding to copy filtered resources.
2024-06-21 10:57:07,687 [Worker-69] INFO  o.e.m.c.i.embedder.EclipseLogger - Copying 0 resource
2024-06-21 10:57:07,688 [Worker-69] INFO  o.e.m.c.i.embedder.EclipseLogger - Using 'UTF-8' encoding to copy filtered resources.
2024-06-21 10:57:07,689 [Worker-69] INFO  o.e.m.c.i.embedder.EclipseLogger - skip non existing resourceDirectory C:\Users\N\OneDrive\Escritorio\LP II\CL2Incacutipa\LPII_CL2_IncacutipaNinfa\src\test\resources
2024-06-21 11:00:50,443 [Worker-65] INFO  o.e.m.c.i.embedder.EclipseLogger - Using 'UTF-8' encoding to copy filtered resources.
2024-06-21 11:00:50,444 [Worker-65] INFO  o.e.m.c.i.embedder.EclipseLogger - Copying 0 resource
2024-06-21 11:00:50,445 [Worker-65] INFO  o.e.m.c.i.embedder.EclipseLogger - Using 'UTF-8' encoding to copy filtered resources.
2024-06-21 11:00:50,446 [Worker-65] INFO  o.e.m.c.i.embedder.EclipseLogger - skip non existing resourceDirectory C:\Users\N\OneDrive\Escritorio\LP II\CL2Incacutipa\LPII_CL2_IncacutipaNinfa\src\test\resources
2024-06-21 11:00:59,041 [Worker-69] INFO  o.e.m.c.i.embedder.EclipseLogger - Using 'UTF-8' encoding to copy filtered resources.
2024-06-21 11:00:59,041 [Worker-69] INFO  o.e.m.c.i.embedder.EclipseLogger - Copying 0 resource
2024-06-21 11:00:59,042 [Worker-69] INFO  o.e.m.c.i.embedder.EclipseLogger - Using 'UTF-8' encoding to copy filtered resources.
2024-06-21 11:00:59,043 [Worker-69] INFO  o.e.m.c.i.embedder.EclipseLogger - skip non existing resourceDirectory C:\Users\N\OneDrive\Escritorio\LP II\CL2Incacutipa\LPII_CL2_IncacutipaNinfa\src\test\resources
2024-06-21 11:08:47,045 [Worker-81] INFO  o.e.m.c.i.embedder.EclipseLogger - Using 'UTF-8' encoding to copy filtered resources.
2024-06-21 11:08:47,046 [Worker-81] INFO  o.e.m.c.i.embedder.EclipseLogger - Copying 1 resource
2024-06-21 11:08:47,046 [Worker-81] INFO  o.e.m.c.i.embedder.EclipseLogger - Using 'UTF-8' encoding to copy filtered resources.
2024-06-21 11:08:47,047 [Worker-81] INFO  o.e.m.c.i.embedder.EclipseLogger - skip non existing resourceDirectory C:\Users\N\OneDrive\Escritorio\LP II\CL2Incacutipa\LPII_CL2_IncacutipaNinfa\src\test\resources
2024-06-21 11:09:06,112 [Worker-81] INFO  o.e.m.c.i.embedder.EclipseLogger - Using 'UTF-8' encoding to copy filtered resources.
2024-06-21 11:09:06,112 [Worker-81] INFO  o.e.m.c.i.embedder.EclipseLogger - Copying 0 resource
2024-06-21 11:09:06,113 [Worker-81] INFO  o.e.m.c.i.embedder.EclipseLogger - Using 'UTF-8' encoding to copy filtered resources.
2024-06-21 11:09:06,114 [Worker-81] INFO  o.e.m.c.i.embedder.EclipseLogger - skip non existing resourceDirectory C:\Users\N\OneDrive\Escritorio\LP II\CL2Incacutipa\LPII_CL2_IncacutipaNinfa\src\test\resources
2024-06-21 11:14:23,750 [Worker-82] INFO  o.e.m.c.i.embedder.EclipseLogger - Using 'UTF-8' encoding to copy filtered resources.
2024-06-21 11:14:23,751 [Worker-82] INFO  o.e.m.c.i.embedder.EclipseLogger - Copying 1 resource
2024-06-21 11:14:23,752 [Worker-82] INFO  o.e.m.c.i.embedder.EclipseLogger - Using 'UTF-8' encoding to copy filtered resources.
2024-06-21 11:14:23,752 [Worker-82] INFO  o.e.m.c.i.embedder.EclipseLogger - skip non existing resourceDirectory C:\Users\N\OneDrive\Escritorio\LP II\CL2Incacutipa\LPII_CL2_IncacutipaNinfa\src\test\resources
2024-06-21 11:14:59,581 [Worker-82] INFO  o.e.m.c.i.embedder.EclipseLogger - Using 'UTF-8' encoding to copy filtered resources.
2024-06-21 11:14:59,582 [Worker-82] INFO  o.e.m.c.i.embedder.EclipseLogger - Copying 1 resource
2024-06-21 11:14:59,583 [Worker-82] INFO  o.e.m.c.i.embedder.EclipseLogger - Using 'UTF-8' encoding to copy filtered resources.
2024-06-21 11:14:59,583 [Worker-82] INFO  o.e.m.c.i.embedder.EclipseLogger - skip non existing resourceDirectory C:\Users\N\OneDrive\Escritorio\LP II\CL2Incacutipa\LPII_CL2_IncacutipaNinfa\src\test\resources
2024-06-21 11:19:07,019 [Worker-86] INFO  o.e.m.c.i.embedder.EclipseLogger - Using 'UTF-8' encoding to copy filtered resources.
2024-06-21 11:19:07,020 [Worker-86] INFO  o.e.m.c.i.embedder.EclipseLogger - Copying 1 resource
2024-06-21 11:19:07,021 [Worker-86] INFO  o.e.m.c.i.embedder.EclipseLogger - Using 'UTF-8' encoding to copy filtered resources.
2024-06-21 11:19:07,021 [Worker-86] INFO  o.e.m.c.i.embedder.EclipseLogger - skip non existing resourceDirectory C:\Users\N\OneDrive\Escritorio\LP II\CL2Incacutipa\LPII_CL2_IncacutipaNinfa\src\test\resources
2024-06-21 11:20:06,888 [Worker-82] INFO  o.e.m.c.i.embedder.EclipseLogger - Using 'UTF-8' encoding to copy filtered resources.
2024-06-21 11:20:06,888 [Worker-82] INFO  o.e.m.c.i.embedder.EclipseLogger - Copying 1 resource
2024-06-21 11:20:06,889 [Worker-82] INFO  o.e.m.c.i.embedder.EclipseLogger - Using 'UTF-8' encoding to copy filtered resources.
2024-06-21 11:20:06,889 [Worker-82] INFO  o.e.m.c.i.embedder.EclipseLogger - skip non existing resourceDirectory C:\Users\N\OneDrive\Escritorio\LP II\CL2Incacutipa\LPII_CL2_IncacutipaNinfa\src\test\resources
2024-06-21 11:43:57,914 [Worker-100] INFO  o.e.m.c.i.embedder.EclipseLogger - Using 'UTF-8' encoding to copy filtered resources.
2024-06-21 11:43:57,915 [Worker-100] INFO  o.e.m.c.i.embedder.EclipseLogger - Copying 1 resource
2024-06-21 11:43:57,916 [Worker-100] INFO  o.e.m.c.i.embedder.EclipseLogger - Using 'UTF-8' encoding to copy filtered resources.
2024-06-21 11:43:57,916 [Worker-100] INFO  o.e.m.c.i.embedder.EclipseLogger - skip non existing resourceDirectory C:\Users\N\OneDrive\Escritorio\LP II\CL2Incacutipa\LPII_CL2_IncacutipaNinfa\src\test\resources
2024-06-21 11:44:38,976 [Worker-101] INFO  o.e.m.c.i.embedder.EclipseLogger - Using 'UTF-8' encoding to copy filtered resources.
2024-06-21 11:44:38,977 [Worker-101] INFO  o.e.m.c.i.embedder.EclipseLogger - Copying 1 resource
2024-06-21 11:44:38,977 [Worker-101] INFO  o.e.m.c.i.embedder.EclipseLogger - Using 'UTF-8' encoding to copy filtered resources.
2024-06-21 11:44:38,978 [Worker-101] INFO  o.e.m.c.i.embedder.EclipseLogger - skip non existing resourceDirectory C:\Users\N\OneDrive\Escritorio\LP II\CL2Incacutipa\LPII_CL2_IncacutipaNinfa\src\test\resources
2024-06-21 11:44:45,727 [Worker-98] INFO  o.e.m.c.i.embedder.EclipseLogger - Using 'UTF-8' encoding to copy filtered resources.
2024-06-21 11:44:45,728 [Worker-98] INFO  o.e.m.c.i.embedder.EclipseLogger - Copying 1 resource
2024-06-21 11:44:45,730 [Worker-98] INFO  o.e.m.c.i.embedder.EclipseLogger - Using 'UTF-8' encoding to copy filtered resources.
2024-06-21 11:44:45,730 [Worker-98] INFO  o.e.m.c.i.embedder.EclipseLogger - skip non existing resourceDirectory C:\Users\N\OneDrive\Escritorio\LP II\CL2Incacutipa\LPII_CL2_IncacutipaNinfa\src\test\resources
2024-06-21 11:45:13,565 [Worker-102] INFO  o.e.m.c.i.embedder.EclipseLogger - Using 'UTF-8' encoding to copy filtered resources.
2024-06-21 11:45:13,567 [Worker-102] INFO  o.e.m.c.i.embedder.EclipseLogger - Copying 1 resource
2024-06-21 11:45:13,570 [Worker-102] INFO  o.e.m.c.i.embedder.EclipseLogger - Using 'UTF-8' encoding to copy filtered resources.
2024-06-21 11:45:13,570 [Worker-102] INFO  o.e.m.c.i.embedder.EclipseLogger - skip non existing resourceDirectory C:\Users\N\OneDrive\Escritorio\LP II\CL2Incacutipa\LPII_CL2_IncacutipaNinfa\src\test\resources
2024-06-21 11:45:25,430 [Worker-98] INFO  o.e.m.c.i.embedder.EclipseLogger - Using 'UTF-8' encoding to copy filtered resources.
2024-06-21 11:45:25,431 [Worker-98] INFO  o.e.m.c.i.embedder.EclipseLogger - Copying 0 resource
2024-06-21 11:45:25,432 [Worker-98] INFO  o.e.m.c.i.embedder.EclipseLogger - Using 'UTF-8' encoding to copy filtered resources.
2024-06-21 11:45:25,433 [Worker-98] INFO  o.e.m.c.i.embedder.EclipseLogger - skip non existing resourceDirectory C:\Users\N\OneDrive\Escritorio\LP II\CL2Incacutipa\LPII_CL2_IncacutipaNinfa\src\test\resources
2024-06-21 11:49:43,271 [Worker-102] INFO  o.e.m.c.i.embedder.EclipseLogger - Using 'UTF-8' encoding to copy filtered resources.
2024-06-21 11:49:43,274 [Worker-102] INFO  o.e.m.c.i.embedder.EclipseLogger - Copying 1 resource
2024-06-21 11:49:43,276 [Worker-102] INFO  o.e.m.c.i.embedder.EclipseLogger - Using 'UTF-8' encoding to copy filtered resources.
2024-06-21 11:49:43,276 [Worker-102] INFO  o.e.m.c.i.embedder.EclipseLogger - skip non existing resourceDirectory C:\Users\N\OneDrive\Escritorio\LP II\CL2Incacutipa\LPII_CL2_IncacutipaNinfa\src\test\resources
2024-06-21 11:50:36,602 [Worker-98] INFO  o.e.m.c.i.embedder.EclipseLogger - Using 'UTF-8' encoding to copy filtered resources.
2024-06-21 11:50:36,603 [Worker-98] INFO  o.e.m.c.i.embedder.EclipseLogger - Copying 1 resource
2024-06-21 11:50:36,604 [Worker-98] INFO  o.e.m.c.i.embedder.EclipseLogger - Using 'UTF-8' encoding to copy filtered resources.
2024-06-21 11:50:36,604 [Worker-98] INFO  o.e.m.c.i.embedder.EclipseLogger - skip non existing resourceDirectory C:\Users\N\OneDrive\Escritorio\LP II\CL2Incacutipa\LPII_CL2_IncacutipaNinfa\src\test\resources
2024-06-21 11:50:42,014 [Worker-96] INFO  o.e.m.c.i.embedder.EclipseLogger - Using 'UTF-8' encoding to copy filtered resources.
2024-06-21 11:50:42,015 [Worker-96] INFO  o.e.m.c.i.embedder.EclipseLogger - Copying 1 resource
2024-06-21 11:50:42,017 [Worker-96] INFO  o.e.m.c.i.embedder.EclipseLogger - Using 'UTF-8' encoding to copy filtered resources.
2024-06-21 11:50:42,017 [Worker-96] INFO  o.e.m.c.i.embedder.EclipseLogger - skip non existing resourceDirectory C:\Users\N\OneDrive\Escritorio\LP II\CL2Incacutipa\LPII_CL2_IncacutipaNinfa\src\test\resources
2024-06-21 11:51:32,863 [Worker-105] INFO  o.e.m.c.i.embedder.EclipseLogger - Using 'UTF-8' encoding to copy filtered resources.
2024-06-21 11:51:32,864 [Worker-105] INFO  o.e.m.c.i.embedder.EclipseLogger - Copying 0 resource
2024-06-21 11:51:32,865 [Worker-105] INFO  o.e.m.c.i.embedder.EclipseLogger - Using 'UTF-8' encoding to copy filtered resources.
2024-06-21 11:51:32,865 [Worker-105] INFO  o.e.m.c.i.embedder.EclipseLogger - skip non existing resourceDirectory C:\Users\N\OneDrive\Escritorio\LP II\CL2Incacutipa\LPII_CL2_IncacutipaNinfa\src\test\resources
2024-06-21 11:51:50,243 [Worker-100] INFO  o.e.m.c.i.embedder.EclipseLogger - Using 'UTF-8' encoding to copy filtered resources.
2024-06-21 11:51:50,244 [Worker-100] INFO  o.e.m.c.i.embedder.EclipseLogger - Copying 0 resource
2024-06-21 11:51:50,244 [Worker-100] INFO  o.e.m.c.i.embedder.EclipseLogger - Using 'UTF-8' encoding to copy filtered resources.
2024-06-21 11:51:50,245 [Worker-100] INFO  o.e.m.c.i.embedder.EclipseLogger - skip non existing resourceDirectory C:\Users\N\OneDrive\Escritorio\LP II\CL2Incacutipa\LPII_CL2_IncacutipaNinfa\src\test\resources
2024-06-21 11:51:59,674 [Worker-102] INFO  o.e.m.c.i.embedder.EclipseLogger - Using 'UTF-8' encoding to copy filtered resources.
2024-06-21 11:51:59,675 [Worker-102] INFO  o.e.m.c.i.embedder.EclipseLogger - Copying 0 resource
2024-06-21 11:51:59,676 [Worker-102] INFO  o.e.m.c.i.embedder.EclipseLogger - Using 'UTF-8' encoding to copy filtered resources.
2024-06-21 11:51:59,676 [Worker-102] INFO  o.e.m.c.i.embedder.EclipseLogger - skip non existing resourceDirectory C:\Users\N\OneDrive\Escritorio\LP II\CL2Incacutipa\LPII_CL2_IncacutipaNinfa\src\test\resources
2024-06-21 11:59:16,394 [Worker-106] INFO  o.e.m.c.i.embedder.EclipseLogger - Using 'UTF-8' encoding to copy filtered resources.
2024-06-21 11:59:16,396 [Worker-106] INFO  o.e.m.c.i.embedder.EclipseLogger - Copying 1 resource
2024-06-21 11:59:16,398 [Worker-106] INFO  o.e.m.c.i.embedder.EclipseLogger - Using 'UTF-8' encoding to copy filtered resources.
2024-06-21 11:59:16,398 [Worker-106] INFO  o.e.m.c.i.embedder.EclipseLogger - skip non existing resourceDirectory C:\Users\N\OneDrive\Escritorio\LP II\CL2Incacutipa\LPII_CL2_IncacutipaNinfa\src\test\resources
2024-06-21 12:00:46,560 [Worker-110] INFO  o.e.m.c.i.embedder.EclipseLogger - Using 'UTF-8' encoding to copy filtered resources.
2024-06-21 12:00:46,562 [Worker-110] INFO  o.e.m.c.i.embedder.EclipseLogger - Copying 1 resource
2024-06-21 12:00:46,563 [Worker-110] INFO  o.e.m.c.i.embedder.EclipseLogger - Using 'UTF-8' encoding to copy filtered resources.
2024-06-21 12:00:46,563 [Worker-110] INFO  o.e.m.c.i.embedder.EclipseLogger - skip non existing resourceDirectory C:\Users\N\OneDrive\Escritorio\LP II\CL2Incacutipa\LPII_CL2_IncacutipaNinfa\src\test\resources
2024-06-21 12:03:06,722 [Worker-105] INFO  o.e.m.c.i.embedder.EclipseLogger - Using 'UTF-8' encoding to copy filtered resources.
2024-06-21 12:03:06,723 [Worker-105] INFO  o.e.m.c.i.embedder.EclipseLogger - Copying 1 resource
2024-06-21 12:03:06,724 [Worker-105] INFO  o.e.m.c.i.embedder.EclipseLogger - Using 'UTF-8' encoding to copy filtered resources.
2024-06-21 12:03:06,724 [Worker-105] INFO  o.e.m.c.i.embedder.EclipseLogger - skip non existing resourceDirectory C:\Users\N\OneDrive\Escritorio\LP II\CL2Incacutipa\LPII_CL2_IncacutipaNinfa\src\test\resources
2024-06-21 12:03:50,985 [Worker-108] INFO  o.e.m.c.i.embedder.EclipseLogger - Using 'UTF-8' encoding to copy filtered resources.
2024-06-21 12:03:50,987 [Worker-108] INFO  o.e.m.c.i.embedder.EclipseLogger - Copying 1 resource
2024-06-21 12:03:50,988 [Worker-108] INFO  o.e.m.c.i.embedder.EclipseLogger - Using 'UTF-8' encoding to copy filtered resources.
2024-06-21 12:03:50,988 [Worker-108] INFO  o.e.m.c.i.embedder.EclipseLogger - skip non existing resourceDirectory C:\Users\N\OneDrive\Escritorio\LP II\CL2Incacutipa\LPII_CL2_IncacutipaNinfa\src\test\resources
2024-06-21 12:04:40,682 [Worker-108] INFO  o.e.m.c.i.embedder.EclipseLogger - Using 'UTF-8' encoding to copy filtered resources.
2024-06-21 12:04:40,683 [Worker-108] INFO  o.e.m.c.i.embedder.EclipseLogger - Copying 0 resource
2024-06-21 12:04:40,684 [Worker-108] INFO  o.e.m.c.i.embedder.EclipseLogger - Using 'UTF-8' encoding to copy filtered resources.
2024-06-21 12:04:40,685 [Worker-108] INFO  o.e.m.c.i.embedder.EclipseLogger - skip non existing resourceDirectory C:\Users\N\OneDrive\Escritorio\LP II\CL2Incacutipa\LPII_CL2_IncacutipaNinfa\src\test\resources
2024-06-21 12:05:37,461 [Worker-109] INFO  o.e.m.c.i.embedder.EclipseLogger - Using 'UTF-8' encoding to copy filtered resources.
2024-06-21 12:05:37,462 [Worker-109] INFO  o.e.m.c.i.embedder.EclipseLogger - Copying 0 resource
2024-06-21 12:05:37,463 [Worker-109] INFO  o.e.m.c.i.embedder.EclipseLogger - Using 'UTF-8' encoding to copy filtered resources.
2024-06-21 12:05:37,463 [Worker-109] INFO  o.e.m.c.i.embedder.EclipseLogger - skip non existing resourceDirectory C:\Users\N\OneDrive\Escritorio\LP II\CL2Incacutipa\LPII_CL2_IncacutipaNinfa\src\test\resources
2024-06-21 12:27:22,875 [Worker-3] INFO  o.e.m.c.i.embedder.EclipseLogger - Using 'UTF-8' encoding to copy filtered resources.
2024-06-21 12:27:22,950 [Worker-3] INFO  o.e.m.c.i.embedder.EclipseLogger - Copying 1 resource
2024-06-21 12:27:22,962 [Worker-3] INFO  o.e.m.c.i.embedder.EclipseLogger - Using 'UTF-8' encoding to copy filtered resources.
2024-06-21 12:27:22,963 [Worker-3] INFO  o.e.m.c.i.embedder.EclipseLogger - skip non existing resourceDirectory C:\Users\N\OneDrive\Escritorio\LP II\CL2Incacutipa\LPII_CL2_IncacutipaNinfa\src\test\resources
2024-06-21 12:30:04,916 [Worker-1] INFO  o.e.m.c.i.embedder.EclipseLogger - Using 'UTF-8' encoding to copy filtered resources.
2024-06-21 12:30:04,929 [Worker-1] INFO  o.e.m.c.i.embedder.EclipseLogger - Copying 1 resource
2024-06-21 12:30:04,930 [Worker-1] INFO  o.e.m.c.i.embedder.EclipseLogger - Using 'UTF-8' encoding to copy filtered resources.
2024-06-21 12:30:04,931 [Worker-1] INFO  o.e.m.c.i.embedder.EclipseLogger - skip non existing resourceDirectory C:\Users\N\OneDrive\Escritorio\LP II\CL2Incacutipa\LPII_CL2_IncacutipaNinfa\src\test\resources
2024-06-21 12:38:30,641 [Worker-8] INFO  o.e.m.c.i.embedder.EclipseLogger - Using 'UTF-8' encoding to copy filtered resources.
2024-06-21 12:38:30,651 [Worker-8] INFO  o.e.m.c.i.embedder.EclipseLogger - Copying 1 resource
2024-06-21 12:38:30,659 [Worker-8] INFO  o.e.m.c.i.embedder.EclipseLogger - Using 'UTF-8' encoding to copy filtered resources.
2024-06-21 12:38:30,660 [Worker-8] INFO  o.e.m.c.i.embedder.EclipseLogger - skip non existing resourceDirectory C:\Users\N\OneDrive\Escritorio\LP II\CL2Incacutipa\LPII_CL2_IncacutipaNinfa\src\test\resources
2024-06-21 12:40:45,633 [Worker-17] INFO  o.e.m.c.i.embedder.EclipseLogger - Using 'UTF-8' encoding to copy filtered resources.
2024-06-21 12:40:45,660 [Worker-17] INFO  o.e.m.c.i.embedder.EclipseLogger - Copying 1 resource
2024-06-21 12:40:45,663 [Worker-17] INFO  o.e.m.c.i.embedder.EclipseLogger - Using 'UTF-8' encoding to copy filtered resources.
2024-06-21 12:40:45,664 [Worker-17] INFO  o.e.m.c.i.embedder.EclipseLogger - skip non existing resourceDirectory C:\Users\N\OneDrive\Escritorio\LP II\CL2Incacutipa\LPII_CL2_IncacutipaNinfa\src\test\resources
2024-06-21 12:41:44,343 [Worker-17] INFO  o.e.m.c.i.embedder.EclipseLogger - Using 'UTF-8' encoding to copy filtered resources.
2024-06-21 12:41:44,344 [Worker-17] INFO  o.e.m.c.i.embedder.EclipseLogger - Copying 1 resource
2024-06-21 12:41:44,345 [Worker-17] INFO  o.e.m.c.i.embedder.EclipseLogger - Using 'UTF-8' encoding to copy filtered resources.
2024-06-21 12:41:44,345 [Worker-17] INFO  o.e.m.c.i.embedder.EclipseLogger - skip non existing resourceDirectory C:\Users\N\OneDrive\Escritorio\LP II\CL2Incacutipa\LPII_CL2_IncacutipaNinfa\src\test\resources
2024-06-21 12:41:57,131 [Worker-15] INFO  o.e.m.c.i.embedder.EclipseLogger - Using 'UTF-8' encoding to copy filtered resources.
2024-06-21 12:41:57,131 [Worker-15] INFO  o.e.m.c.i.embedder.EclipseLogger - Copying 0 resource
2024-06-21 12:41:57,132 [Worker-15] INFO  o.e.m.c.i.embedder.EclipseLogger - Using 'UTF-8' encoding to copy filtered resources.
2024-06-21 12:41:57,132 [Worker-15] INFO  o.e.m.c.i.embedder.EclipseLogger - skip non existing resourceDirectory C:\Users\N\OneDrive\Escritorio\LP II\CL2Incacutipa\LPII_CL2_IncacutipaNinfa\src\test\resources
2024-06-21 12:42:00,741 [Worker-6] INFO  o.e.m.c.i.embedder.EclipseLogger - Using 'UTF-8' encoding to copy filtered resources.
2024-06-21 12:42:00,742 [Worker-6] INFO  o.e.m.c.i.embedder.EclipseLogger - Copying 0 resource
2024-06-21 12:42:00,744 [Worker-6] INFO  o.e.m.c.i.embedder.EclipseLogger - Using 'UTF-8' encoding to copy filtered resources.
2024-06-21 12:42:00,744 [Worker-6] INFO  o.e.m.c.i.embedder.EclipseLogger - skip non existing resourceDirectory C:\Users\N\OneDrive\Escritorio\LP II\CL2Incacutipa\LPII_CL2_IncacutipaNinfa\src\test\resources
2024-06-21 12:42:03,971 [Worker-6] INFO  o.e.m.c.i.embedder.EclipseLogger - Using 'UTF-8' encoding to copy filtered resources.
2024-06-21 12:42:03,972 [Worker-6] INFO  o.e.m.c.i.embedder.EclipseLogger - Copying 0 resource
2024-06-21 12:42:03,974 [Worker-6] INFO  o.e.m.c.i.embedder.EclipseLogger - Using 'UTF-8' encoding to copy filtered resources.
2024-06-21 12:42:03,974 [Worker-6] INFO  o.e.m.c.i.embedder.EclipseLogger - skip non existing resourceDirectory C:\Users\N\OneDrive\Escritorio\LP II\CL2Incacutipa\LPII_CL2_IncacutipaNinfa\src\test\resources
2024-06-21 12:42:07,149 [Worker-6] INFO  o.e.m.c.i.embedder.EclipseLogger - Using 'UTF-8' encoding to copy filtered resources.
2024-06-21 12:42:07,149 [Worker-6] INFO  o.e.m.c.i.embedder.EclipseLogger - Copying 0 resource
2024-06-21 12:42:07,150 [Worker-6] INFO  o.e.m.c.i.embedder.EclipseLogger - Using 'UTF-8' encoding to copy filtered resources.
2024-06-21 12:42:07,151 [Worker-6] INFO  o.e.m.c.i.embedder.EclipseLogger - skip non existing resourceDirectory C:\Users\N\OneDrive\Escritorio\LP II\CL2Incacutipa\LPII_CL2_IncacutipaNinfa\src\test\resources
